start...
Thu Dec 28 09:19:52 2017.006650 python@7f2341ba27d3[12898] set_robust_list(0x7f23395569e0, 24) = 0
Thu Dec 28 09:19:52 2017.007099 python@7f2341baa76d[12898] close(4) = 0
Thu Dec 28 09:19:52 2017.007300 python@7f234118f557[12898] execve("/usr/local/sbin/python", ["python", "mal.py"], ["XDG_SESSION_ID=1", "HOSTNAME=33_1", "SELINUX_ROLE_REQUESTED=", "TERM=xterm", "SHELL=/bin/bash", "HISTSIZE=1000", "SSH_CLIENT=192.168.33.2 47526 22", "SELINUX_USE_CURRENT_RANGE=", "SSH_TTY=/dev/pts/0", "USER=root", "LS_COLORS=rs=0:di=01;34:ln=01;36:mh=00:pi=40;33:so=01;35:do=01;35:bd=40;33;01:cd=40;33;01:or=40;31;01:mi=01;05;37;41:su=37;41:sg=30;43:ca=30;41:tw=30;42:ow=34;42:st=37;44:ex=01;32:*.tar=01;31:*.tgz=01;31:*.arc=01;31:*.arj=01;31:*.taz=01;31:*.lha=) = -2 (ENOENT)
Thu Dec 28 09:19:52 2017.007451 python@7f234118f557[12898] execve("/usr/local/bin/python", ["python", "mal.py"], ["XDG_SESSION_ID=1", "HOSTNAME=33_1", "SELINUX_ROLE_REQUESTED=", "TERM=xterm", "SHELL=/bin/bash", "HISTSIZE=1000", "SSH_CLIENT=192.168.33.2 47526 22", "SELINUX_USE_CURRENT_RANGE=", "SSH_TTY=/dev/pts/0", "USER=root", "LS_COLORS=rs=0:di=01;34:ln=01;36:mh=00:pi=40;33:so=01;35:do=01;35:bd=40;33;01:cd=40;33;01:or=40;31;01:mi=01;05;37;41:su=37;41:sg=30;43:ca=30;41:tw=30;42:ow=34;42:st=37;44:ex=01;32:*.tar=01;31:*.tgz=01;31:*.arc=01;31:*.arj=01;31:*.taz=01;31:*.lha=0) = -2 (ENOENT)
Thu Dec 28 09:19:52 2017.007495 python@7f234118f557[12898] execve("/usr/sbin/python", ["python", "mal.py"], ["XDG_SESSION_ID=1", "HOSTNAME=33_1", "SELINUX_ROLE_REQUESTED=", "TERM=xterm", "SHELL=/bin/bash", "HISTSIZE=1000", "SSH_CLIENT=192.168.33.2 47526 22", "SELINUX_USE_CURRENT_RANGE=", "SSH_TTY=/dev/pts/0", "USER=root", "LS_COLORS=rs=0:di=01;34:ln=01;36:mh=00:pi=40;33:so=01;35:do=01;35:bd=40;33;01:cd=40;33;01:or=40;31;01:mi=01;05;37;41:su=37;41:sg=30;43:ca=30;41:tw=30;42:ow=34;42:st=37;44:ex=01;32:*.tar=01;31:*.tgz=01;31:*.arc=01;31:*.arj=01;31:*.taz=01;31:*.lha=01;31:) = -2 (ENOENT)
Thu Dec 28 09:19:52 2017.007533 python@7f90ad36e26c[12898] execve("/usr/bin/python", ["python", "mal.py"], ["XDG_SESSION_ID=1", "HOSTNAME=33_1", "SELINUX_ROLE_REQUESTED=", "TERM=xterm", "SHELL=/bin/bash", "HISTSIZE=1000", "SSH_CLIENT=192.168.33.2 47526 22", "SELINUX_USE_CURRENT_RANGE=", "SSH_TTY=/dev/pts/0", "USER=root", "LS_COLORS=rs=0:di=01;34:ln=01;36:mh=00:pi=40;33:so=01;35:do=01;35:bd=40;33;01:cd=40;33;01:or=40;31;01:mi=01;05;37;41:su=37;41:sg=30;43:ca=30;41:tw=30;42:ow=34;42:st=37;44:ex=01;32:*.tar=01;31:*.tgz=01;31:*.arc=01;31:*.arj=01;31:*.taz=01;31:*.lha=01;31:*)
Thu Dec 28 09:19:52 2017.008020 python@7f90ad36e26c[12898] brk(0x0) = 38486016
Thu Dec 28 09:19:52 2017.008047 python@7f90ad36ef5a[12898] mmap2(0x0, 4096, PROT_READ|PROT_WRITE, MAP_PRIVATE|MAP_ANONYMOUS, -1, 0) = 0x7f90ad576000
Thu Dec 28 09:19:52 2017.008068 python@7f90ad36ee57[12898] access(0x7f90ad374390, R_OK) = -2 (ENOENT)
Thu Dec 28 09:19:52 2017.008088 python@7f90ad36edf7[12898] open("/etc/ld.so.cache", O_RDONLY|O_CLOEXEC) = 3
Thu Dec 28 09:19:52 2017.008215 python@7f90ad36ed84[12898] fstat(3, 0x7fff55f2ed80) = 0
Thu Dec 28 09:19:52 2017.008223 python@7f90ad36ef5a[12898] mmap2(0x0, 77394, PROT_READ, MAP_PRIVATE, 3, 0) = 0x7f90ad563000
Thu Dec 28 09:19:52 2017.008231 python@7f90ad36ef07[12898] close(3) = 0
Thu Dec 28 09:19:52 2017.008247 python@7f90ad36edf7[12898] open("/lib64/libpython2.7.so.1.0", O_RDONLY|O_CLOEXEC) = 3
Thu Dec 28 09:19:52 2017.008322 python@7f90ad36ee17[12898] read(3, 0x7fff55f2ef40, 832) = 832
Thu Dec 28 09:19:52 2017.008331 python@7f90ad36ed84[12898] fstat(3, 0x7fff55f2ede0) = 0
Thu Dec 28 09:19:52 2017.008349 python@7f90ad36ef5a[12898] mmap2(0x0, 3978824, PROT_READ|PROT_EXEC, MAP_PRIVATE|MAP_DENYWRITE, 3, 0) = 0x7f90acf8a000
Thu Dec 28 09:19:52 2017.008358 python@7f90ad36eff7[12898] mprotect(0x7f90ad107000, 2097152, PROT_NONE) = 0
Thu Dec 28 09:19:52 2017.008369 python@7f90ad36ef5a[12898] mmap2(0x7f90ad307000, 262144, PROT_READ|PROT_WRITE, MAP_PRIVATE|MAP_FIXED|MAP_DENYWRITE, 3, 1560576) = 0x7f90ad307000
Thu Dec 28 09:19:52 2017.008382 python@7f90ad36ef5a[12898] mmap2(0x7f90ad347000, 58952, PROT_READ|PROT_WRITE, MAP_PRIVATE|MAP_FIXED|MAP_ANONYMOUS, -1, 0) = 0x7f90ad347000
Thu Dec 28 09:19:52 2017.008394 python@7f90ad36ef07[12898] close(3) = 0
Thu Dec 28 09:19:52 2017.008406 python@7f90ad36edf7[12898] open("/lib64/libpthread.so.0", O_RDONLY|O_CLOEXEC) = 3
Thu Dec 28 09:19:52 2017.008480 python@7f90ad36ee17[12898] read(3, 0x7fff55f2ef10, 832) = 832
Thu Dec 28 09:19:52 2017.008487 python@7f90ad36ed84[12898] fstat(3, 0x7fff55f2edb0) = 0
Thu Dec 28 09:19:52 2017.008494 python@7f90ad36ef5a[12898] mmap2(0x0, 2208904, PROT_READ|PROT_EXEC, MAP_PRIVATE|MAP_DENYWRITE, 3, 0) = 0x7f90acd6e000
Thu Dec 28 09:19:52 2017.008503 python@7f90ad36eff7[12898] mprotect(0x7f90acd85000, 2093056, PROT_NONE) = 0
Thu Dec 28 09:19:52 2017.008537 python@7f90ad36ef5a[12898] mmap2(0x7f90acf84000, 8192, PROT_READ|PROT_WRITE, MAP_PRIVATE|MAP_FIXED|MAP_DENYWRITE, 3, 90112) = 0x7f90acf84000
Thu Dec 28 09:19:52 2017.008551 python@7f90ad36ef5a[12898] mmap2(0x7f90acf86000, 13448, PROT_READ|PROT_WRITE, MAP_PRIVATE|MAP_FIXED|MAP_ANONYMOUS, -1, 0) = 0x7f90acf86000
Thu Dec 28 09:19:52 2017.008563 python@7f90ad36ef07[12898] close(3) = 0
Thu Dec 28 09:19:52 2017.008578 python@7f90ad36edf7[12898] open("/lib64/libdl.so.2", O_RDONLY|O_CLOEXEC) = 3
Thu Dec 28 09:19:52 2017.008663 python@7f90ad36ee17[12898] read(3, 0x7fff55f2eee0, 832) = 832
Thu Dec 28 09:19:52 2017.008670 python@7f90ad36ed84[12898] fstat(3, 0x7fff55f2ed80) = 0
Thu Dec 28 09:19:52 2017.008676 python@7f90ad36ef5a[12898] mmap2(0x0, 4096, PROT_READ|PROT_WRITE, MAP_PRIVATE|MAP_ANONYMOUS, -1, 0) = 0x7f90ad562000
Thu Dec 28 09:19:52 2017.008697 python@7f90ad36ef5a[12898] mmap2(0x0, 2109744, PROT_READ|PROT_EXEC, MAP_PRIVATE|MAP_DENYWRITE, 3, 0) = 0x7f90acb6a000
Thu Dec 28 09:19:52 2017.008705 python@7f90ad36eff7[12898] mprotect(0x7f90acb6c000, 2097152, PROT_NONE) = 0
Thu Dec 28 09:19:52 2017.008716 python@7f90ad36ef5a[12898] mmap2(0x7f90acd6c000, 8192, PROT_READ|PROT_WRITE, MAP_PRIVATE|MAP_FIXED|MAP_DENYWRITE, 3, 8192) = 0x7f90acd6c000
Thu Dec 28 09:19:52 2017.008731 python@7f90ad36ef07[12898] close(3) = 0
Thu Dec 28 09:19:52 2017.008754 python@7f90ad36edf7[12898] open("/lib64/libutil.so.1", O_RDONLY|O_CLOEXEC) = 3
Thu Dec 28 09:19:52 2017.008831 python@7f90ad36ee17[12898] read(3, 0x7fff55f2eeb0, 832) = 832
Thu Dec 28 09:19:52 2017.008837 python@7f90ad36ed84[12898] fstat(3, 0x7fff55f2ed50) = 0
Thu Dec 28 09:19:52 2017.008844 python@7f90ad36ef5a[12898] mmap2(0x0, 2105616, PROT_READ|PROT_EXEC, MAP_PRIVATE|MAP_DENYWRITE, 3, 0) = 0x7f90ac967000
Thu Dec 28 09:19:52 2017.008852 python@7f90ad36eff7[12898] mprotect(0x7f90ac969000, 2093056, PROT_NONE) = 0
Thu Dec 28 09:19:52 2017.008862 python@7f90ad36ef5a[12898] mmap2(0x7f90acb68000, 8192, PROT_READ|PROT_WRITE, MAP_PRIVATE|MAP_FIXED|MAP_DENYWRITE, 3, 4096) = 0x7f90acb68000
Thu Dec 28 09:19:52 2017.008877 python@7f90ad36ef07[12898] close(3) = 0
Thu Dec 28 09:19:52 2017.008887 python@7f90ad36edf7[12898] open("/lib64/libm.so.6", O_RDONLY|O_CLOEXEC) = 3
Thu Dec 28 09:19:52 2017.008956 python@7f90ad36ee17[12898] read(3, 0x7fff55f2ee80, 832) = 832
Thu Dec 28 09:19:52 2017.008962 python@7f90ad36ed84[12898] fstat(3, 0x7fff55f2ed20) = 0
Thu Dec 28 09:19:52 2017.008968 python@7f90ad36ef5a[12898] mmap2(0x0, 3150136, PROT_READ|PROT_EXEC, MAP_PRIVATE|MAP_DENYWRITE, 3, 0) = 0x7f90ac665000
Thu Dec 28 09:19:52 2017.008977 python@7f90ad36eff7[12898] mprotect(0x7f90ac766000, 2093056, PROT_NONE) = 0
Thu Dec 28 09:19:52 2017.008986 python@7f90ad36ef5a[12898] mmap2(0x7f90ac965000, 8192, PROT_READ|PROT_WRITE, MAP_PRIVATE|MAP_FIXED|MAP_DENYWRITE, 3, 1048576) = 0x7f90ac965000
Thu Dec 28 09:19:52 2017.009002 python@7f90ad36ef07[12898] close(3) = 0
Thu Dec 28 09:19:52 2017.009026 python@7f90ad36edf7[12898] open("/lib64/libc.so.6", O_RDONLY|O_CLOEXEC) = 3
Thu Dec 28 09:19:52 2017.009114 python@7f90ad36ee17[12898] read(3, 0x7fff55f2ee50, 832) = 832
Thu Dec 28 09:19:52 2017.009121 python@7f90ad36ed84[12898] fstat(3, 0x7fff55f2ecf0) = 0
Thu Dec 28 09:19:52 2017.009127 python@7f90ad36ef5a[12898] mmap2(0x0, 4096, PROT_READ|PROT_WRITE, MAP_PRIVATE|MAP_ANONYMOUS, -1, 0) = 0x7f90ad561000
Thu Dec 28 09:19:52 2017.009138 python@7f90ad36ef5a[12898] mmap2(0x0, 3940800, PROT_READ|PROT_EXEC, MAP_PRIVATE|MAP_DENYWRITE, 3, 0) = 0x7f90ac2a2000
Thu Dec 28 09:19:52 2017.009146 python@7f90ad36eff7[12898] mprotect(0x7f90ac45a000, 2097152, PROT_NONE) = 0
Thu Dec 28 09:19:52 2017.009166 python@7f90ad36ef5a[12898] mmap2(0x7f90ac65a000, 24576, PROT_READ|PROT_WRITE, MAP_PRIVATE|MAP_FIXED|MAP_DENYWRITE, 3, 1802240) = 0x7f90ac65a000
Thu Dec 28 09:19:52 2017.009178 python@7f90ad36ef5a[12898] mmap2(0x7f90ac660000, 16832, PROT_READ|PROT_WRITE, MAP_PRIVATE|MAP_FIXED|MAP_ANONYMOUS, -1, 0) = 0x7f90ac660000
Thu Dec 28 09:19:52 2017.009189 python@7f90ad36ef07[12898] close(3) = 0
Thu Dec 28 09:19:52 2017.009213 python@7f90ad36ef5a[12898] mmap2(0x0, 4096, PROT_READ|PROT_WRITE, MAP_PRIVATE|MAP_ANONYMOUS, -1, 0) = 0x7f90ad560000
Thu Dec 28 09:19:52 2017.009221 python@7f90ad36ef5a[12898] mmap2(0x0, 8192, PROT_READ|PROT_WRITE, MAP_PRIVATE|MAP_ANONYMOUS, -1, 0) = 0x7f90ad55e000
Thu Dec 28 09:19:52 2017.009230 python@7f90ad356f1d[12898] arch_prctl(ARCH_SET_FS, 140259360106304) = 0
Thu Dec 28 09:19:52 2017.009311 python@7f90ad36eff7[12898] mprotect(0x7f90ac65a000, 16384, PROT_READ) = 0
Thu Dec 28 09:19:52 2017.009337 python@7f90ad36eff7[12898] mprotect(0x7f90ac965000, 4096, PROT_READ) = 0
Thu Dec 28 09:19:52 2017.009348 python@7f90ad36eff7[12898] mprotect(0x7f90acb68000, 4096, PROT_READ) = 0
Thu Dec 28 09:19:52 2017.009361 python@7f90ad36eff7[12898] mprotect(0x7f90acd6c000, 4096, PROT_READ) = 0
Thu Dec 28 09:19:52 2017.009376 python@7f90ad36eff7[12898] mprotect(0x7f90acf84000, 4096, PROT_READ) = 0
Thu Dec 28 09:19:52 2017.009597 python@7f90ad36eff7[12898] mprotect(0x7f90ad307000, 8192, PROT_READ) = 0
Thu Dec 28 09:19:52 2017.009605 python@7f90ad36eff7[12898] mprotect(0x600000, 4096, PROT_READ) = 0
Thu Dec 28 09:19:52 2017.009615 python@7f90ad36eff7[12898] mprotect(0x7f90ad577000, 4096, PROT_READ) = 0
Thu Dec 28 09:19:52 2017.009624 python@7f90ad36efd7[12898] munmap(0x7f90ad563000, 77394) = 0
Thu Dec 28 09:19:52 2017.009640 python@7f90acd74947[12898] set_tid_address(0x7f90ad55ea10) = 12898
Thu Dec 28 09:19:52 2017.009646 python@7f90acd749b1[12898] set_robust_list(0x7f90ad55ea20, 24) = 0
Thu Dec 28 09:19:52 2017.009658 python@7f90acd7d6ed[12898] rt_sigaction(0x20, {0x7f90acd747e0, SA_SIGINFO|SA_RESTORER, 0x7f90acd7d5e0, [EMPTY]}, 0x0, 8) = 0
Thu Dec 28 09:19:52 2017.009666 python@7f90acd7d6ed[12898] rt_sigaction(0x21, {0x7f90acd74870, SA_RESTART|SA_SIGINFO|SA_RESTORER, 0x7f90acd7d5e0, [EMPTY]}, 0x0, 8) = 0
Thu Dec 28 09:19:52 2017.009673 python@7f90acd74a94[12898] rt_sigprocmask(SIG_UNBLOCK, [EMPTY], 0x0, 8) = 0
Thu Dec 28 09:19:52 2017.009687 python@7f90ac390b27[12898] getrlimit(RLIMIT_STACK, 0x7fff55f305f0) = 0
Thu Dec 28 09:19:52 2017.009745 python@7f90ac390869[12898] ioctl(0, 21505, 0x7fff55f304a0) = 0
Thu Dec 28 09:19:52 2017.009791 python@7f90ac390fec[12898] brk(0x0) = 38486016
Thu Dec 28 09:19:52 2017.009796 python@7f90ac390fec[12898] brk(0x24d5000) = 38621184
Thu Dec 28 09:19:52 2017.009802 python@7f90ac390fec[12898] brk(0x0) = 38621184
Thu Dec 28 09:19:52 2017.009837 python@7f90ac39499a[12898] mmap2(0x0, 266240, PROT_READ|PROT_WRITE, MAP_PRIVATE|MAP_ANONYMOUS, -1, 0) = 0x7f90ad51d000
Thu Dec 28 09:19:52 2017.010590 python@7f90ac390fec[12898] brk(0x0) = 38621184
Thu Dec 28 09:19:52 2017.010597 python@7f90ac390fec[12898] brk(0x24f6000) = 38756352
Thu Dec 28 09:19:52 2017.010664 python@7f90ac38b154[12898] fstat(0, 0x7fff55f30410) = 0
Thu Dec 28 09:19:52 2017.010677 python@7f90ac38b154[12898] fstat(0, 0x7fff55f30310) = 0
Thu Dec 28 09:19:52 2017.010681 python@7f90ac38b154[12898] fstat(1, 0x7fff55f30310) = 0
Thu Dec 28 09:19:52 2017.010685 python@7f90ac38b154[12898] fstat(2, 0x7fff55f30310) = 0
Thu Dec 28 09:19:52 2017.010724 python@7f90ac38b105[12898] stat("/usr/local/sbin/python", 0x7fff55f2d300) = -2 (ENOENT)
Thu Dec 28 09:19:52 2017.010734 python@7f90ac38b105[12898] stat("/usr/local/bin/python", 0x7fff55f2d300) = -2 (ENOENT)
Thu Dec 28 09:19:52 2017.010740 python@7f90ac38b105[12898] stat("/usr/sbin/python", 0x7fff55f2d300) = -2 (ENOENT)
Thu Dec 28 09:19:52 2017.010745 python@7f90ac38b105[12898] stat("/usr/bin/python", 0x7fff55f2d300) = 0
Thu Dec 28 09:19:52 2017.010756 python@7f90ac38cf17[12898] readlink("/usr/bin/python", 0x7fff55f2f3b0, 4096) = 7
Thu Dec 28 09:19:52 2017.010765 python@7f90ac38cf17[12898] readlink("/usr/bin/python2", 0x7fff55f2f3b0, 4096) = 9
Thu Dec 28 09:19:52 2017.010771 python@7f90ac38cf17[12898] readlink("/usr/bin/python2.7", 0x7fff55f2f3b0, 4096) = -22 (EINVAL)
Thu Dec 28 09:19:52 2017.010784 python@7f90ac38b105[12898] stat("/usr/bin/Modules/Setup", 0x7fff55f2d240) = -2 (ENOENT)
Thu Dec 28 09:19:52 2017.010792 python@7f90ac38b105[12898] stat("/usr/bin/lib64/python2.7/os.py", 0x7fff55f2d230) = -2 (ENOENT)
Thu Dec 28 09:19:52 2017.010798 python@7f90ac38b105[12898] stat("/usr/bin/lib64/python2.7/os.pyc", 0x7fff55f2d230) = -2 (ENOENT)
Thu Dec 28 09:19:52 2017.010804 python@7f90ac38b105[12898] stat("/usr/lib64/python2.7/os.py", 0x7fff55f2d230) = 0
Thu Dec 28 09:19:52 2017.010813 python@7f90ac38b105[12898] stat("/usr/bin/pybuilddir.txt", 0x7fff55f2d240) = -2 (ENOENT)
Thu Dec 28 09:19:52 2017.010819 python@7f90ac38b105[12898] stat("/usr/bin/lib64/python2.7/lib-dynload", 0x7fff55f2d240) = -2 (ENOENT)
Thu Dec 28 09:19:52 2017.010825 python@7f90ac38b105[12898] stat("/usr/lib64/python2.7/lib-dynload", 0x7fff55f2d240) = 0
Thu Dec 28 09:19:52 2017.011148 python@7f90ac39499a[12898] mmap2(0x0, 266240, PROT_READ|PROT_WRITE, MAP_PRIVATE|MAP_ANONYMOUS, -1, 0) = 0x7f90ad4dc000
Thu Dec 28 09:19:52 2017.011206 python@7f90acd7d6ed[12898] rt_sigaction(SIGPIPE, {SIG_IGN}, 0x7fff55f302e0, 8) = 0
Thu Dec 28 09:19:52 2017.011213 python@7f90acd7d6ed[12898] rt_sigaction(SIGXFSZ, {SIG_IGN}, 0x7fff55f302e0, 8) = 0
Thu Dec 28 09:19:52 2017.011229 python@7f90acd7d6ed[12898] rt_sigaction(SIGHUP, {NULL}, 0x7fff55f30360, 8) = 0
Thu Dec 28 09:19:52 2017.011234 python@7f90acd7d6ed[12898] rt_sigaction(SIGINT, {NULL}, 0x7fff55f30360, 8) = 0
Thu Dec 28 09:19:52 2017.011239 python@7f90acd7d6ed[12898] rt_sigaction(SIGQUIT, {NULL}, 0x7fff55f30360, 8) = 0
Thu Dec 28 09:19:52 2017.011243 python@7f90acd7d6ed[12898] rt_sigaction(SIGILL, {NULL}, 0x7fff55f30360, 8) = 0
Thu Dec 28 09:19:52 2017.011247 python@7f90acd7d6ed[12898] rt_sigaction(SIGTRAP, {NULL}, 0x7fff55f30360, 8) = 0
Thu Dec 28 09:19:52 2017.011251 python@7f90acd7d6ed[12898] rt_sigaction(SIGABRT, {NULL}, 0x7fff55f30360, 8) = 0
Thu Dec 28 09:19:52 2017.011256 python@7f90acd7d6ed[12898] rt_sigaction(SIGBUS, {NULL}, 0x7fff55f30360, 8) = 0
Thu Dec 28 09:19:52 2017.011260 python@7f90acd7d6ed[12898] rt_sigaction(SIGFPE, {NULL}, 0x7fff55f30360, 8) = 0
Thu Dec 28 09:19:52 2017.011264 python@7f90acd7d6ed[12898] rt_sigaction(SIGKILL, {NULL}, 0x7fff55f30360, 8) = 0
Thu Dec 28 09:19:52 2017.011268 python@7f90acd7d6ed[12898] rt_sigaction(SIGUSR1, {NULL}, 0x7fff55f30360, 8) = 0
Thu Dec 28 09:19:52 2017.011272 python@7f90acd7d6ed[12898] rt_sigaction(SIGSEGV, {NULL}, 0x7fff55f30360, 8) = 0
Thu Dec 28 09:19:52 2017.011276 python@7f90acd7d6ed[12898] rt_sigaction(SIGUSR2, {NULL}, 0x7fff55f30360, 8) = 0
Thu Dec 28 09:19:52 2017.011280 python@7f90acd7d6ed[12898] rt_sigaction(SIGPIPE, {NULL}, 0x7fff55f30360, 8) = 0
Thu Dec 28 09:19:52 2017.011284 python@7f90acd7d6ed[12898] rt_sigaction(SIGALRM, {NULL}, 0x7fff55f30360, 8) = 0
Thu Dec 28 09:19:52 2017.011288 python@7f90acd7d6ed[12898] rt_sigaction(SIGTERM, {NULL}, 0x7fff55f30360, 8) = 0
Thu Dec 28 09:19:52 2017.011293 python@7f90acd7d6ed[12898] rt_sigaction(0x10, {NULL}, 0x7fff55f30360, 8) = 0
Thu Dec 28 09:19:52 2017.011297 python@7f90acd7d6ed[12898] rt_sigaction(SIGCHLD, {NULL}, 0x7fff55f30360, 8) = 0
Thu Dec 28 09:19:52 2017.011302 python@7f90acd7d6ed[12898] rt_sigaction(SIGCONT, {NULL}, 0x7fff55f30360, 8) = 0
Thu Dec 28 09:19:52 2017.011306 python@7f90acd7d6ed[12898] rt_sigaction(SIGSTOP, {NULL}, 0x7fff55f30360, 8) = 0
Thu Dec 28 09:19:52 2017.011310 python@7f90acd7d6ed[12898] rt_sigaction(SIGTSTP, {NULL}, 0x7fff55f30360, 8) = 0
Thu Dec 28 09:19:52 2017.011314 python@7f90acd7d6ed[12898] rt_sigaction(SIGTTIN, {NULL}, 0x7fff55f30360, 8) = 0
Thu Dec 28 09:19:52 2017.011317 python@7f90acd7d6ed[12898] rt_sigaction(SIGTTOU, {NULL}, 0x7fff55f30360, 8) = 0
Thu Dec 28 09:19:52 2017.011322 python@7f90acd7d6ed[12898] rt_sigaction(SIGURG, {NULL}, 0x7fff55f30360, 8) = 0
Thu Dec 28 09:19:52 2017.011326 python@7f90acd7d6ed[12898] rt_sigaction(SIGXCPU, {NULL}, 0x7fff55f30360, 8) = 0
Thu Dec 28 09:19:52 2017.011330 python@7f90acd7d6ed[12898] rt_sigaction(SIGXFSZ, {NULL}, 0x7fff55f30360, 8) = 0
Thu Dec 28 09:19:52 2017.011334 python@7f90acd7d6ed[12898] rt_sigaction(SIGVTALRM, {NULL}, 0x7fff55f30360, 8) = 0
Thu Dec 28 09:19:52 2017.011339 python@7f90acd7d6ed[12898] rt_sigaction(SIGPROF, {NULL}, 0x7fff55f30360, 8) = 0
Thu Dec 28 09:19:52 2017.011343 python@7f90acd7d6ed[12898] rt_sigaction(SIGWINCH, {NULL}, 0x7fff55f30360, 8) = 0
Thu Dec 28 09:19:52 2017.011348 python@7f90acd7d6ed[12898] rt_sigaction(SIGIO/SIGPOLL, {NULL}, 0x7fff55f30360, 8) = 0
Thu Dec 28 09:19:52 2017.011353 python@7f90acd7d6ed[12898] rt_sigaction(SIGPWR, {NULL}, 0x7fff55f30360, 8) = 0
Thu Dec 28 09:19:52 2017.011357 python@7f90acd7d6ed[12898] rt_sigaction(SIGSYS, {NULL}, 0x7fff55f30360, 8) = 0
Thu Dec 28 09:19:52 2017.011361 python@7f90acd7d6ed[12898] rt_sigaction(0x22, {NULL}, 0x7fff55f30360, 8) = 0
Thu Dec 28 09:19:52 2017.011366 python@7f90acd7d6ed[12898] rt_sigaction(0x23, {NULL}, 0x7fff55f30360, 8) = 0
Thu Dec 28 09:19:52 2017.011370 python@7f90acd7d6ed[12898] rt_sigaction(0x24, {NULL}, 0x7fff55f30360, 8) = 0
Thu Dec 28 09:19:52 2017.011374 python@7f90acd7d6ed[12898] rt_sigaction(0x25, {NULL}, 0x7fff55f30360, 8) = 0
Thu Dec 28 09:19:52 2017.011378 python@7f90acd7d6ed[12898] rt_sigaction(0x26, {NULL}, 0x7fff55f30360, 8) = 0
Thu Dec 28 09:19:52 2017.011382 python@7f90acd7d6ed[12898] rt_sigaction(0x27, {NULL}, 0x7fff55f30360, 8) = 0
Thu Dec 28 09:19:52 2017.011386 python@7f90acd7d6ed[12898] rt_sigaction(0x28, {NULL}, 0x7fff55f30360, 8) = 0
Thu Dec 28 09:19:52 2017.011390 python@7f90acd7d6ed[12898] rt_sigaction(0x29, {NULL}, 0x7fff55f30360, 8) = 0
Thu Dec 28 09:19:52 2017.011393 python@7f90acd7d6ed[12898] rt_sigaction(0x2a, {NULL}, 0x7fff55f30360, 8) = 0
Thu Dec 28 09:19:52 2017.011397 python@7f90acd7d6ed[12898] rt_sigaction(0x2b, {NULL}, 0x7fff55f30360, 8) = 0
Thu Dec 28 09:19:52 2017.011401 python@7f90acd7d6ed[12898] rt_sigaction(0x2c, {NULL}, 0x7fff55f30360, 8) = 0
Thu Dec 28 09:19:52 2017.011405 python@7f90acd7d6ed[12898] rt_sigaction(0x2d, {NULL}, 0x7fff55f30360, 8) = 0
Thu Dec 28 09:19:52 2017.011409 python@7f90acd7d6ed[12898] rt_sigaction(0x2e, {NULL}, 0x7fff55f30360, 8) = 0
Thu Dec 28 09:19:52 2017.011413 python@7f90acd7d6ed[12898] rt_sigaction(0x2f, {NULL}, 0x7fff55f30360, 8) = 0
Thu Dec 28 09:19:52 2017.011417 python@7f90acd7d6ed[12898] rt_sigaction(0x30, {NULL}, 0x7fff55f30360, 8) = 0
Thu Dec 28 09:19:52 2017.011421 python@7f90acd7d6ed[12898] rt_sigaction(0x31, {NULL}, 0x7fff55f30360, 8) = 0
Thu Dec 28 09:19:52 2017.011425 python@7f90acd7d6ed[12898] rt_sigaction(0x32, {NULL}, 0x7fff55f30360, 8) = 0
Thu Dec 28 09:19:52 2017.011429 python@7f90acd7d6ed[12898] rt_sigaction(0x33, {NULL}, 0x7fff55f30360, 8) = 0
Thu Dec 28 09:19:52 2017.011433 python@7f90acd7d6ed[12898] rt_sigaction(0x34, {NULL}, 0x7fff55f30360, 8) = 0
Thu Dec 28 09:19:52 2017.011437 python@7f90acd7d6ed[12898] rt_sigaction(0x35, {NULL}, 0x7fff55f30360, 8) = 0
Thu Dec 28 09:19:52 2017.011441 python@7f90acd7d6ed[12898] rt_sigaction(0x36, {NULL}, 0x7fff55f30360, 8) = 0
Thu Dec 28 09:19:52 2017.011445 python@7f90acd7d6ed[12898] rt_sigaction(0x37, {NULL}, 0x7fff55f30360, 8) = 0
Thu Dec 28 09:19:52 2017.011449 python@7f90acd7d6ed[12898] rt_sigaction(0x38, {NULL}, 0x7fff55f30360, 8) = 0
Thu Dec 28 09:19:52 2017.011453 python@7f90acd7d6ed[12898] rt_sigaction(0x39, {NULL}, 0x7fff55f30360, 8) = 0
Thu Dec 28 09:19:52 2017.011457 python@7f90acd7d6ed[12898] rt_sigaction(0x3a, {NULL}, 0x7fff55f30360, 8) = 0
Thu Dec 28 09:19:52 2017.011461 python@7f90acd7d6ed[12898] rt_sigaction(0x3b, {NULL}, 0x7fff55f30360, 8) = 0
Thu Dec 28 09:19:52 2017.011465 python@7f90acd7d6ed[12898] rt_sigaction(0x3c, {NULL}, 0x7fff55f30360, 8) = 0
Thu Dec 28 09:19:52 2017.011469 python@7f90acd7d6ed[12898] rt_sigaction(0x3d, {NULL}, 0x7fff55f30360, 8) = 0
Thu Dec 28 09:19:52 2017.011473 python@7f90acd7d6ed[12898] rt_sigaction(0x3e, {NULL}, 0x7fff55f30360, 8) = 0
Thu Dec 28 09:19:52 2017.011477 python@7f90acd7d6ed[12898] rt_sigaction(0x3f, {NULL}, 0x7fff55f30360, 8) = 0
Thu Dec 28 09:19:52 2017.011481 python@7f90acd7d6ed[12898] rt_sigaction(0x40, {NULL}, 0x7fff55f30360, 8) = 0
Thu Dec 28 09:19:52 2017.011487 python@7f90acd7d6ed[12898] rt_sigaction(SIGINT, {0x7f90ad0a0540, SA_RESTORER, 0x7f90acd7d5e0, [EMPTY]}, 0x7fff55f302b0, 8) = 0
Thu Dec 28 09:19:52 2017.011575 python@7f90ac390fec[12898] brk(0x0) = 38756352
Thu Dec 28 09:19:52 2017.011581 python@7f90ac390fec[12898] brk(0x2517000) = 38891520
Thu Dec 28 09:19:52 2017.011597 python@7f90ac38b105[12898] stat("/usr/lib64/python27.zip", 0x7fff55f2bd30) = -2 (ENOENT)
Thu Dec 28 09:19:52 2017.011605 python@7f90ac38b105[12898] stat("/usr/lib64", 0x7fff55f2bd30) = 0
Thu Dec 28 09:19:52 2017.011621 python@7f90ac38b105[12898] stat("/usr/lib64/python27.zip", 0x7fff55f2ed80) = -2 (ENOENT)
Thu Dec 28 09:19:52 2017.011629 python@7f90ac38b105[12898] stat("/usr/lib64/python2.7/", 0x7fff55f2bd30) = 0
Thu Dec 28 09:19:52 2017.011636 python@7f90ac38b105[12898] stat("/usr/lib64/python2.7/", 0x7fff55f2ed80) = 0
Thu Dec 28 09:19:52 2017.011642 python@7f90ac38b105[12898] stat("/usr/lib64/python2.7/site", 0x7fff55f2ef40) = -2 (ENOENT)
Thu Dec 28 09:19:52 2017.011655 python@7f90ac38b5a0[12898] open("/usr/lib64/python2.7/site.so", O_RDONLY) = -2 (ENOENT)
Thu Dec 28 09:19:52 2017.011760 python@7f90ac38b5a0[12898] open("/usr/lib64/python2.7/sitemodule.so", O_RDONLY) = -2 (ENOENT)
Thu Dec 28 09:19:52 2017.011830 python@7f90ac38b5a0[12898] open("/usr/lib64/python2.7/site.py", O_RDONLY) = 3
Thu Dec 28 09:19:52 2017.011892 python@7f90ac38b154[12898] fstat(3, 0x7fff55f300b0) = 0
Thu Dec 28 09:19:52 2017.011902 python@7f90ac38b5a0[12898] open("/usr/lib64/python2.7/site.pyc", O_RDONLY) = 4
Thu Dec 28 09:19:52 2017.011976 python@7f90ac38b154[12898] fstat(4, 0x7fff55f2ff00) = 0
Thu Dec 28 09:19:52 2017.011983 python@7f90ac39499a[12898] mmap2(0x0, 4096, PROT_READ|PROT_WRITE, MAP_PRIVATE|MAP_ANONYMOUS, -1, 0) = 0x7f90ad575000
Thu Dec 28 09:19:52 2017.011991 python@7f90ac38b7e0[12898] read(4, 0x7f90ad575000, 4096) = 4096
Thu Dec 28 09:19:52 2017.012002 python@7f90ac38b154[12898] fstat(4, 0x7fff55f2ffa0) = 0
Thu Dec 28 09:19:52 2017.012021 python@7f90ac38b7e0[12898] read(4, 0x24f8178, 12288) = 12288
Thu Dec 28 09:19:52 2017.012030 python@7f90ac38b7e0[12898] read(4, 0x7f90ad575000, 4096) = 3184
Thu Dec 28 09:19:52 2017.012035 python@7f90ac38b7e0[12898] read(4, 0x7f90ad575000, 4096) = 0
Thu Dec 28 09:19:52 2017.012242 python@7f90ac38be90[12898] close(4) = 0
Thu Dec 28 09:19:52 2017.012250 python@7f90ac394a27[12898] munmap(0x7f90ad575000, 4096) = 0
Thu Dec 28 09:19:52 2017.012290 python@7f90ac38b105[12898] stat("/usr/lib64/python2.7/os", 0x7fff55f2e9c0) = -2 (ENOENT)
Thu Dec 28 09:19:52 2017.012300 python@7f90ac38b5a0[12898] open("/usr/lib64/python2.7/os.so", O_RDONLY) = -2 (ENOENT)
Thu Dec 28 09:19:52 2017.012388 python@7f90ac38b5a0[12898] open("/usr/lib64/python2.7/osmodule.so", O_RDONLY) = -2 (ENOENT)
Thu Dec 28 09:19:52 2017.012453 python@7f90ac38b5a0[12898] open("/usr/lib64/python2.7/os.py", O_RDONLY) = 4
Thu Dec 28 09:19:52 2017.012510 python@7f90ac38b154[12898] fstat(4, 0x7fff55f2fb30) = 0
Thu Dec 28 09:19:52 2017.012537 python@7f90ac38b5a0[12898] open("/usr/lib64/python2.7/os.pyc", O_RDONLY) = 5
Thu Dec 28 09:19:52 2017.012600 python@7f90ac38b154[12898] fstat(5, 0x7fff55f2f980) = 0
Thu Dec 28 09:19:52 2017.012606 python@7f90ac39499a[12898] mmap2(0x0, 4096, PROT_READ|PROT_WRITE, MAP_PRIVATE|MAP_ANONYMOUS, -1, 0) = 0x7f90ad575000
Thu Dec 28 09:19:52 2017.012615 python@7f90ac38b7e0[12898] read(5, 0x7f90ad575000, 4096) = 4096
Thu Dec 28 09:19:52 2017.012634 python@7f90ac38b154[12898] fstat(5, 0x7fff55f2fa20) = 0
Thu Dec 28 09:19:52 2017.012642 python@7f90ac38b7e0[12898] read(5, 0x24ff358, 20480) = 20480
Thu Dec 28 09:19:52 2017.012665 python@7f90ac38b7e0[12898] read(5, 0x7f90ad575000, 4096) = 981
Thu Dec 28 09:19:52 2017.012670 python@7f90ac38b7e0[12898] read(5, 0x7f90ad575000, 4096) = 0
Thu Dec 28 09:19:52 2017.012776 python@7f90ac38be90[12898] close(5) = 0
Thu Dec 28 09:19:52 2017.012784 python@7f90ac394a27[12898] munmap(0x7f90ad575000, 4096) = 0
Thu Dec 28 09:19:52 2017.012939 python@7f90ac38b5a0[12898] open(0x7f90ac42151d, O_RDONLY|O_CLOEXEC) = 5
Thu Dec 28 09:19:52 2017.013028 python@7f90ac38b154[12898] fstat(5, 0x7fff55f2d320) = 0
Thu Dec 28 09:19:52 2017.013036 python@7f90ac39499a[12898] mmap2(0x0, 4096, PROT_READ|PROT_WRITE, MAP_PRIVATE|MAP_ANONYMOUS, -1, 0) = 0x7f90ad575000
Thu Dec 28 09:19:52 2017.013044 python@7f90ac38b7e0[12898] read(5, 0x7f90ad575000, 1024) = 1024
Thu Dec 28 09:19:52 2017.013083 python@7f90ac38be90[12898] close(5) = 0
Thu Dec 28 09:19:52 2017.013089 python@7f90ac394a27[12898] munmap(0x7f90ad575000, 4096) = 0
Thu Dec 28 09:19:52 2017.013191 python@7f90ac390fec[12898] brk(0x0) = 38891520
Thu Dec 28 09:19:52 2017.013197 python@7f90ac390fec[12898] brk(0x2539000) = 39030784
Thu Dec 28 09:19:52 2017.013268 python@7f90ac38b105[12898] stat("/usr/lib64/python2.7/posixpath", 0x7fff55f2e440) = -2 (ENOENT)
Thu Dec 28 09:19:52 2017.013280 python@7f90ac38b5a0[12898] open("/usr/lib64/python2.7/posixpath.so", O_RDONLY) = -2 (ENOENT)
Thu Dec 28 09:19:52 2017.013365 python@7f90ac38b5a0[12898] open("/usr/lib64/python2.7/posixpathmodule.so", O_RDONLY) = -2 (ENOENT)
Thu Dec 28 09:19:52 2017.013431 python@7f90ac38b5a0[12898] open("/usr/lib64/python2.7/posixpath.py", O_RDONLY) = 5
Thu Dec 28 09:19:52 2017.013491 python@7f90ac38b154[12898] fstat(5, 0x7fff55f2f5b0) = 0
Thu Dec 28 09:19:52 2017.013499 python@7f90ac38b5a0[12898] open("/usr/lib64/python2.7/posixpath.pyc", O_RDONLY) = 6
Thu Dec 28 09:19:52 2017.013581 python@7f90ac38b154[12898] fstat(6, 0x7fff55f2f400) = 0
Thu Dec 28 09:19:52 2017.013598 python@7f90ac39499a[12898] mmap2(0x0, 4096, PROT_READ|PROT_WRITE, MAP_PRIVATE|MAP_ANONYMOUS, -1, 0) = 0x7f90ad575000
Thu Dec 28 09:19:52 2017.013606 python@7f90ac38b7e0[12898] read(6, 0x7f90ad575000, 4096) = 4096
Thu Dec 28 09:19:52 2017.013616 python@7f90ac38b154[12898] fstat(6, 0x7fff55f2f4a0) = 0
Thu Dec 28 09:19:52 2017.013624 python@7f90ac38b7e0[12898] read(6, 0x251dcc8, 4096) = 4096
Thu Dec 28 09:19:52 2017.013630 python@7f90ac38b7e0[12898] read(6, 0x7f90ad575000, 4096) = 3105
Thu Dec 28 09:19:52 2017.013635 python@7f90ac38b7e0[12898] read(6, 0x7f90ad575000, 4096) = 0
Thu Dec 28 09:19:52 2017.013715 python@7f90ac38be90[12898] close(6) = 0
Thu Dec 28 09:19:52 2017.013722 python@7f90ac394a27[12898] munmap(0x7f90ad575000, 4096) = 0
Thu Dec 28 09:19:52 2017.013751 python@7f90ac38b105[12898] stat("/usr/lib64/python2.7/stat", 0x7fff55f2dec0) = -2 (ENOENT)
Thu Dec 28 09:19:52 2017.013761 python@7f90ac38b5a0[12898] open("/usr/lib64/python2.7/stat.so", O_RDONLY) = -2 (ENOENT)
Thu Dec 28 09:19:52 2017.013851 python@7f90ac38b5a0[12898] open("/usr/lib64/python2.7/statmodule.so", O_RDONLY) = -2 (ENOENT)
Thu Dec 28 09:19:52 2017.013934 python@7f90ac38b5a0[12898] open("/usr/lib64/python2.7/stat.py", O_RDONLY) = 6
Thu Dec 28 09:19:52 2017.013991 python@7f90ac38b154[12898] fstat(6, 0x7fff55f2f030) = 0
Thu Dec 28 09:19:52 2017.013998 python@7f90ac38b5a0[12898] open("/usr/lib64/python2.7/stat.pyc", O_RDONLY) = 7
Thu Dec 28 09:19:52 2017.014068 python@7f90ac38b154[12898] fstat(7, 0x7fff55f2ee80) = 0
Thu Dec 28 09:19:52 2017.014074 python@7f90ac39499a[12898] mmap2(0x0, 4096, PROT_READ|PROT_WRITE, MAP_PRIVATE|MAP_ANONYMOUS, -1, 0) = 0x7f90ad575000
Thu Dec 28 09:19:52 2017.014082 python@7f90ac38b7e0[12898] read(7, 0x7f90ad575000, 4096) = 2751
Thu Dec 28 09:19:52 2017.014091 python@7f90ac38b154[12898] fstat(7, 0x7fff55f2ef20) = 0
Thu Dec 28 09:19:52 2017.014110 python@7f90ac38b7e0[12898] read(7, 0x7f90ad575000, 4096) = 0
Thu Dec 28 09:19:52 2017.014140 python@7f90ac39499a[12898] mmap2(0x0, 200704, PROT_READ|PROT_WRITE, MAP_PRIVATE|MAP_ANONYMOUS, -1, 0) = 0x7f90ad4ab000
Thu Dec 28 09:19:52 2017.014251 python@7f90ac38be90[12898] close(7) = 0
Thu Dec 28 09:19:52 2017.014259 python@7f90ac394a27[12898] munmap(0x7f90ad575000, 4096) = 0
Thu Dec 28 09:19:52 2017.014281 python@7f90ac38be90[12898] close(6) = 0
Thu Dec 28 09:19:52 2017.014296 python@7f90ac38b105[12898] stat("/usr/lib64/python2.7/genericpath", 0x7fff55f2dec0) = -2 (ENOENT)
Thu Dec 28 09:19:52 2017.014305 python@7f90ac38b5a0[12898] open("/usr/lib64/python2.7/genericpath.so", O_RDONLY) = -2 (ENOENT)
Thu Dec 28 09:19:52 2017.014386 python@7f90ac38b5a0[12898] open("/usr/lib64/python2.7/genericpathmodule.so", O_RDONLY) = -2 (ENOENT)
Thu Dec 28 09:19:52 2017.014451 python@7f90ac38b5a0[12898] open("/usr/lib64/python2.7/genericpath.py", O_RDONLY) = 6
Thu Dec 28 09:19:52 2017.014509 python@7f90ac38b154[12898] fstat(6, 0x7fff55f2f030) = 0
Thu Dec 28 09:19:52 2017.014533 python@7f90ac38b5a0[12898] open("/usr/lib64/python2.7/genericpath.pyc", O_RDONLY) = 7
Thu Dec 28 09:19:52 2017.014605 python@7f90ac38b154[12898] fstat(7, 0x7fff55f2ee80) = 0
Thu Dec 28 09:19:52 2017.014622 python@7f90ac39499a[12898] mmap2(0x0, 4096, PROT_READ|PROT_WRITE, MAP_PRIVATE|MAP_ANONYMOUS, -1, 0) = 0x7f90ad575000
Thu Dec 28 09:19:52 2017.014630 python@7f90ac38b7e0[12898] read(7, 0x7f90ad575000, 4096) = 3263
Thu Dec 28 09:19:52 2017.014639 python@7f90ac38b154[12898] fstat(7, 0x7fff55f2ef20) = 0
Thu Dec 28 09:19:52 2017.014644 python@7f90ac38b7e0[12898] read(7, 0x7f90ad575000, 4096) = 0
Thu Dec 28 09:19:52 2017.014671 python@7f90ac38be90[12898] close(7) = 0
Thu Dec 28 09:19:52 2017.014678 python@7f90ac394a27[12898] munmap(0x7f90ad575000, 4096) = 0
Thu Dec 28 09:19:52 2017.014703 python@7f90ac38be90[12898] close(6) = 0
Thu Dec 28 09:19:52 2017.014717 python@7f90ac38b105[12898] stat("/usr/lib64/python2.7/warnings", 0x7fff55f2dec0) = -2 (ENOENT)
Thu Dec 28 09:19:52 2017.014726 python@7f90ac38b5a0[12898] open("/usr/lib64/python2.7/warnings.so", O_RDONLY) = -2 (ENOENT)
Thu Dec 28 09:19:52 2017.014810 python@7f90ac38b5a0[12898] open("/usr/lib64/python2.7/warningsmodule.so", O_RDONLY) = -2 (ENOENT)
Thu Dec 28 09:19:52 2017.014873 python@7f90ac38b5a0[12898] open("/usr/lib64/python2.7/warnings.py", O_RDONLY) = 6
Thu Dec 28 09:19:52 2017.014947 python@7f90ac38b154[12898] fstat(6, 0x7fff55f2f030) = 0
Thu Dec 28 09:19:52 2017.014955 python@7f90ac38b5a0[12898] open("/usr/lib64/python2.7/warnings.pyc", O_RDONLY) = 7
Thu Dec 28 09:19:52 2017.015025 python@7f90ac38b154[12898] fstat(7, 0x7fff55f2ee80) = 0
Thu Dec 28 09:19:52 2017.015031 python@7f90ac39499a[12898] mmap2(0x0, 4096, PROT_READ|PROT_WRITE, MAP_PRIVATE|MAP_ANONYMOUS, -1, 0) = 0x7f90ad575000
Thu Dec 28 09:19:52 2017.015038 python@7f90ac38b7e0[12898] read(7, 0x7f90ad575000, 4096) = 4096
Thu Dec 28 09:19:52 2017.015048 python@7f90ac38b154[12898] fstat(7, 0x7fff55f2ef20) = 0
Thu Dec 28 09:19:52 2017.015053 python@7f90ac38b7e0[12898] read(7, 0x24d72e8, 8192) = 8192
Thu Dec 28 09:19:52 2017.015069 python@7f90ac38b7e0[12898] read(7, 0x7f90ad575000, 4096) = 862
Thu Dec 28 09:19:52 2017.015074 python@7f90ac38b7e0[12898] read(7, 0x7f90ad575000, 4096) = 0
Thu Dec 28 09:19:52 2017.015147 python@7f90ac38be90[12898] close(7) = 0
Thu Dec 28 09:19:52 2017.015154 python@7f90ac394a27[12898] munmap(0x7f90ad575000, 4096) = 0
Thu Dec 28 09:19:52 2017.015179 python@7f90ac38b105[12898] stat("/usr/lib64/python2.7/linecache", 0x7fff55f2d940) = -2 (ENOENT)
Thu Dec 28 09:19:52 2017.015189 python@7f90ac38b5a0[12898] open("/usr/lib64/python2.7/linecache.so", O_RDONLY) = -2 (ENOENT)
Thu Dec 28 09:19:52 2017.015266 python@7f90ac38b5a0[12898] open("/usr/lib64/python2.7/linecachemodule.so", O_RDONLY) = -2 (ENOENT)
Thu Dec 28 09:19:52 2017.015327 python@7f90ac38b5a0[12898] open("/usr/lib64/python2.7/linecache.py", O_RDONLY) = 7
Thu Dec 28 09:19:52 2017.015385 python@7f90ac38b154[12898] fstat(7, 0x7fff55f2eab0) = 0
Thu Dec 28 09:19:52 2017.015392 python@7f90ac38b5a0[12898] open("/usr/lib64/python2.7/linecache.pyc", O_RDONLY) = 8
Thu Dec 28 09:19:52 2017.015449 python@7f90ac38b154[12898] fstat(8, 0x7fff55f2e900) = 0
Thu Dec 28 09:19:52 2017.015455 python@7f90ac39499a[12898] mmap2(0x0, 4096, PROT_READ|PROT_WRITE, MAP_PRIVATE|MAP_ANONYMOUS, -1, 0) = 0x7f90ad575000
Thu Dec 28 09:19:52 2017.015462 python@7f90ac38b7e0[12898] read(8, 0x7f90ad575000, 4096) = 3211
Thu Dec 28 09:19:52 2017.015471 python@7f90ac38b154[12898] fstat(8, 0x7fff55f2e9a0) = 0
Thu Dec 28 09:19:52 2017.015476 python@7f90ac38b7e0[12898] read(8, 0x7f90ad575000, 4096) = 0
Thu Dec 28 09:19:52 2017.015501 python@7f90ac38be90[12898] close(8) = 0
Thu Dec 28 09:19:52 2017.015508 python@7f90ac394a27[12898] munmap(0x7f90ad575000, 4096) = 0
Thu Dec 28 09:19:52 2017.015569 python@7f90ac38be90[12898] close(7) = 0
Thu Dec 28 09:19:52 2017.015584 python@7f90ac38b105[12898] stat("/usr/lib64/python2.7/types", 0x7fff55f2d940) = -2 (ENOENT)
Thu Dec 28 09:19:52 2017.015594 python@7f90ac38b5a0[12898] open("/usr/lib64/python2.7/types.so", O_RDONLY) = -2 (ENOENT)
Thu Dec 28 09:19:52 2017.015670 python@7f90ac38b5a0[12898] open("/usr/lib64/python2.7/typesmodule.so", O_RDONLY) = -2 (ENOENT)
Thu Dec 28 09:19:52 2017.015731 python@7f90ac38b5a0[12898] open("/usr/lib64/python2.7/types.py", O_RDONLY) = 7
Thu Dec 28 09:19:52 2017.015786 python@7f90ac38b154[12898] fstat(7, 0x7fff55f2eab0) = 0
Thu Dec 28 09:19:52 2017.015793 python@7f90ac38b5a0[12898] open("/usr/lib64/python2.7/types.pyc", O_RDONLY) = 8
Thu Dec 28 09:19:52 2017.015860 python@7f90ac38b154[12898] fstat(8, 0x7fff55f2e900) = 0
Thu Dec 28 09:19:52 2017.015865 python@7f90ac39499a[12898] mmap2(0x0, 4096, PROT_READ|PROT_WRITE, MAP_PRIVATE|MAP_ANONYMOUS, -1, 0) = 0x7f90ad575000
Thu Dec 28 09:19:52 2017.015873 python@7f90ac38b7e0[12898] read(8, 0x7f90ad575000, 4096) = 2506
Thu Dec 28 09:19:52 2017.015902 python@7f90ac38b154[12898] fstat(8, 0x7fff55f2e9a0) = 0
Thu Dec 28 09:19:52 2017.015909 python@7f90ac38b7e0[12898] read(8, 0x7f90ad575000, 4096) = 0
Thu Dec 28 09:19:52 2017.015957 python@7f90ac38be90[12898] close(8) = 0
Thu Dec 28 09:19:52 2017.015963 python@7f90ac394a27[12898] munmap(0x7f90ad575000, 4096) = 0
Thu Dec 28 09:19:52 2017.016024 python@7f90ac38be90[12898] close(7) = 0
Thu Dec 28 09:19:52 2017.016220 python@7f90ac38be90[12898] close(6) = 0
Thu Dec 28 09:19:52 2017.016244 python@7f90ac38be90[12898] close(5) = 0
Thu Dec 28 09:19:52 2017.016351 python@7f90ac38b105[12898] stat("/usr/lib64/python2.7/UserDict", 0x7fff55f2e440) = -2 (ENOENT)
Thu Dec 28 09:19:52 2017.016363 python@7f90ac38b5a0[12898] open("/usr/lib64/python2.7/UserDict.so", O_RDONLY) = -2 (ENOENT)
Thu Dec 28 09:19:52 2017.016449 python@7f90ac38b5a0[12898] open("/usr/lib64/python2.7/UserDictmodule.so", O_RDONLY) = -2 (ENOENT)
Thu Dec 28 09:19:52 2017.016517 python@7f90ac38b5a0[12898] open("/usr/lib64/python2.7/UserDict.py", O_RDONLY) = 5
Thu Dec 28 09:19:52 2017.016587 python@7f90ac38b154[12898] fstat(5, 0x7fff55f2f5b0) = 0
Thu Dec 28 09:19:52 2017.016595 python@7f90ac38b5a0[12898] open("/usr/lib64/python2.7/UserDict.pyc", O_RDONLY) = 6
Thu Dec 28 09:19:52 2017.016654 python@7f90ac38b154[12898] fstat(6, 0x7fff55f2f400) = 0
Thu Dec 28 09:19:52 2017.016661 python@7f90ac39499a[12898] mmap2(0x0, 4096, PROT_READ|PROT_WRITE, MAP_PRIVATE|MAP_ANONYMOUS, -1, 0) = 0x7f90ad575000
Thu Dec 28 09:19:52 2017.016669 python@7f90ac38b7e0[12898] read(6, 0x7f90ad575000, 4096) = 4096
Thu Dec 28 09:19:52 2017.016679 python@7f90ac38b154[12898] fstat(6, 0x7fff55f2f4a0) = 0
Thu Dec 28 09:19:52 2017.016684 python@7f90ac38b7e0[12898] read(6, 0x251ccb8, 4096) = 4096
Thu Dec 28 09:19:52 2017.016689 python@7f90ac38b7e0[12898] read(6, 0x7f90ad575000, 4096) = 628
Thu Dec 28 09:19:52 2017.016694 python@7f90ac38b7e0[12898] read(6, 0x7f90ad575000, 4096) = 0
Thu Dec 28 09:19:52 2017.016762 python@7f90ac38be90[12898] close(6) = 0
Thu Dec 28 09:19:52 2017.016769 python@7f90ac394a27[12898] munmap(0x7f90ad575000, 4096) = 0
Thu Dec 28 09:19:52 2017.016809 python@7f90ac38b105[12898] stat("/usr/lib64/python2.7/_abcoll", 0x7fff55f2dec0) = -2 (ENOENT)
Thu Dec 28 09:19:52 2017.016819 python@7f90ac38b5a0[12898] open("/usr/lib64/python2.7/_abcoll.so", O_RDONLY) = -2 (ENOENT)
Thu Dec 28 09:19:52 2017.016901 python@7f90ac38b5a0[12898] open("/usr/lib64/python2.7/_abcollmodule.so", O_RDONLY) = -2 (ENOENT)
Thu Dec 28 09:19:52 2017.016964 python@7f90ac38b5a0[12898] open("/usr/lib64/python2.7/_abcoll.py", O_RDONLY) = 6
Thu Dec 28 09:19:52 2017.017025 python@7f90ac38b154[12898] fstat(6, 0x7fff55f2f030) = 0
Thu Dec 28 09:19:52 2017.017032 python@7f90ac38b5a0[12898] open("/usr/lib64/python2.7/_abcoll.pyc", O_RDONLY) = 7
Thu Dec 28 09:19:52 2017.017090 python@7f90ac38b154[12898] fstat(7, 0x7fff55f2ee80) = 0
Thu Dec 28 09:19:52 2017.017096 python@7f90ac39499a[12898] mmap2(0x0, 4096, PROT_READ|PROT_WRITE, MAP_PRIVATE|MAP_ANONYMOUS, -1, 0) = 0x7f90ad575000
Thu Dec 28 09:19:52 2017.017104 python@7f90ac38b7e0[12898] read(7, 0x7f90ad575000, 4096) = 4096
Thu Dec 28 09:19:52 2017.017113 python@7f90ac38b154[12898] fstat(7, 0x7fff55f2ef20) = 0
Thu Dec 28 09:19:52 2017.017120 python@7f90ac38b7e0[12898] read(7, 0x2523dc8, 20480) = 20480
Thu Dec 28 09:19:52 2017.017132 python@7f90ac38b7e0[12898] read(7, 0x7f90ad575000, 4096) = 406
Thu Dec 28 09:19:52 2017.017137 python@7f90ac38b7e0[12898] read(7, 0x7f90ad575000, 4096) = 0
Thu Dec 28 09:19:52 2017.017186 python@7f90ac39499a[12898] mmap2(0x0, 266240, PROT_READ|PROT_WRITE, MAP_PRIVATE|MAP_ANONYMOUS, -1, 0) = 0x7f90ad46a000
Thu Dec 28 09:19:52 2017.017268 python@7f90ac38be90[12898] close(7) = 0
Thu Dec 28 09:19:52 2017.017275 python@7f90ac394a27[12898] munmap(0x7f90ad575000, 4096) = 0
Thu Dec 28 09:19:52 2017.017301 python@7f90ac38b105[12898] stat("/usr/lib64/python2.7/abc", 0x7fff55f2d940) = -2 (ENOENT)
Thu Dec 28 09:19:52 2017.017311 python@7f90ac38b5a0[12898] open("/usr/lib64/python2.7/abc.so", O_RDONLY) = -2 (ENOENT)
Thu Dec 28 09:19:52 2017.017392 python@7f90ac38b5a0[12898] open("/usr/lib64/python2.7/abcmodule.so", O_RDONLY) = -2 (ENOENT)
Thu Dec 28 09:19:52 2017.017468 python@7f90ac38b5a0[12898] open("/usr/lib64/python2.7/abc.py", O_RDONLY) = 7
Thu Dec 28 09:19:52 2017.017539 python@7f90ac38b154[12898] fstat(7, 0x7fff55f2eab0) = 0
Thu Dec 28 09:19:52 2017.017546 python@7f90ac38b5a0[12898] open("/usr/lib64/python2.7/abc.pyc", O_RDONLY) = 8
Thu Dec 28 09:19:52 2017.017631 python@7f90ac38b154[12898] fstat(8, 0x7fff55f2e900) = 0
Thu Dec 28 09:19:52 2017.017638 python@7f90ac39499a[12898] mmap2(0x0, 4096, PROT_READ|PROT_WRITE, MAP_PRIVATE|MAP_ANONYMOUS, -1, 0) = 0x7f90ad575000
Thu Dec 28 09:19:52 2017.017656 python@7f90ac38b7e0[12898] read(8, 0x7f90ad575000, 4096) = 4096
Thu Dec 28 09:19:52 2017.017665 python@7f90ac38b154[12898] fstat(8, 0x7fff55f2e9a0) = 0
Thu Dec 28 09:19:52 2017.017670 python@7f90ac38b7e0[12898] read(8, 0x7f90ad575000, 4096) = 2047
Thu Dec 28 09:19:52 2017.017675 python@7f90ac38b7e0[12898] read(8, 0x7f90ad575000, 4096) = 0
Thu Dec 28 09:19:52 2017.017719 python@7f90ac38be90[12898] close(8) = 0
Thu Dec 28 09:19:52 2017.017727 python@7f90ac394a27[12898] munmap(0x7f90ad575000, 4096) = 0
Thu Dec 28 09:19:52 2017.017753 python@7f90ac38b105[12898] stat("/usr/lib64/python2.7/_weakrefset", 0x7fff55f2d3c0) = -2 (ENOENT)
Thu Dec 28 09:19:52 2017.017763 python@7f90ac38b5a0[12898] open("/usr/lib64/python2.7/_weakrefset.so", O_RDONLY) = -2 (ENOENT)
Thu Dec 28 09:19:52 2017.017851 python@7f90ac38b5a0[12898] open("/usr/lib64/python2.7/_weakrefsetmodule.so", O_RDONLY) = -2 (ENOENT)
Thu Dec 28 09:19:52 2017.017912 python@7f90ac38b5a0[12898] open("/usr/lib64/python2.7/_weakrefset.py", O_RDONLY) = 8
Thu Dec 28 09:19:52 2017.017968 python@7f90ac38b154[12898] fstat(8, 0x7fff55f2e530) = 0
Thu Dec 28 09:19:52 2017.017975 python@7f90ac38b5a0[12898] open("/usr/lib64/python2.7/_weakrefset.pyc", O_RDONLY) = 9
Thu Dec 28 09:19:52 2017.018032 python@7f90ac38b154[12898] fstat(9, 0x7fff55f2e380) = 0
Thu Dec 28 09:19:52 2017.018038 python@7f90ac39499a[12898] mmap2(0x0, 4096, PROT_READ|PROT_WRITE, MAP_PRIVATE|MAP_ANONYMOUS, -1, 0) = 0x7f90ad575000
Thu Dec 28 09:19:52 2017.018045 python@7f90ac38b7e0[12898] read(9, 0x7f90ad575000, 4096) = 4096
Thu Dec 28 09:19:52 2017.018054 python@7f90ac38b154[12898] fstat(9, 0x7fff55f2e420) = 0
Thu Dec 28 09:19:52 2017.018060 python@7f90ac38b7e0[12898] read(9, 0x2527c08, 4096) = 4096
Thu Dec 28 09:19:52 2017.018065 python@7f90ac38b7e0[12898] read(9, 0x7f90ad575000, 4096) = 1285
Thu Dec 28 09:19:52 2017.018070 python@7f90ac38b7e0[12898] read(9, 0x7f90ad575000, 4096) = 0
Thu Dec 28 09:19:52 2017.018132 python@7f90ac38be90[12898] close(9) = 0
Thu Dec 28 09:19:52 2017.018139 python@7f90ac394a27[12898] munmap(0x7f90ad575000, 4096) = 0
Thu Dec 28 09:19:52 2017.018217 python@7f90ac38be90[12898] close(8) = 0
Thu Dec 28 09:19:52 2017.018332 python@7f90ac38be90[12898] close(7) = 0
Thu Dec 28 09:19:52 2017.019078 python@7f90ac38be90[12898] close(6) = 0
Thu Dec 28 09:19:52 2017.019117 python@7f90ac38be90[12898] close(5) = 0
Thu Dec 28 09:19:52 2017.019220 python@7f90ac38b105[12898] stat("/usr/lib64/python2.7/copy_reg", 0x7fff55f2e440) = -2 (ENOENT)
Thu Dec 28 09:19:52 2017.019233 python@7f90ac38b5a0[12898] open("/usr/lib64/python2.7/copy_reg.so", O_RDONLY) = -2 (ENOENT)
Thu Dec 28 09:19:52 2017.019323 python@7f90ac38b5a0[12898] open("/usr/lib64/python2.7/copy_regmodule.so", O_RDONLY) = -2 (ENOENT)
Thu Dec 28 09:19:52 2017.019390 python@7f90ac38b5a0[12898] open("/usr/lib64/python2.7/copy_reg.py", O_RDONLY) = 5
Thu Dec 28 09:19:52 2017.019450 python@7f90ac38b154[12898] fstat(5, 0x7fff55f2f5b0) = 0
Thu Dec 28 09:19:52 2017.019458 python@7f90ac38b5a0[12898] open("/usr/lib64/python2.7/copy_reg.pyc", O_RDONLY) = 6
Thu Dec 28 09:19:52 2017.019526 python@7f90ac38b154[12898] fstat(6, 0x7fff55f2f400) = 0
Thu Dec 28 09:19:52 2017.019549 python@7f90ac39499a[12898] mmap2(0x0, 4096, PROT_READ|PROT_WRITE, MAP_PRIVATE|MAP_ANONYMOUS, -1, 0) = 0x7f90ad575000
Thu Dec 28 09:19:52 2017.019569 python@7f90ac38b7e0[12898] read(6, 0x7f90ad575000, 4096) = 4096
Thu Dec 28 09:19:52 2017.019589 python@7f90ac38b154[12898] fstat(6, 0x7fff55f2f4a0) = 0
Thu Dec 28 09:19:52 2017.019595 python@7f90ac38b7e0[12898] read(6, 0x7f90ad575000, 4096) = 1017
Thu Dec 28 09:19:52 2017.019599 python@7f90ac38b7e0[12898] read(6, 0x7f90ad575000, 4096) = 0
Thu Dec 28 09:19:52 2017.019637 python@7f90ac38be90[12898] close(6) = 0
Thu Dec 28 09:19:52 2017.019644 python@7f90ac394a27[12898] munmap(0x7f90ad575000, 4096) = 0
Thu Dec 28 09:19:52 2017.019678 python@7f90ac38be90[12898] close(5) = 0
Thu Dec 28 09:19:52 2017.019695 python@7f90ac38be90[12898] close(4) = 0
Thu Dec 28 09:19:52 2017.019708 python@7f90ac38b105[12898] stat("/usr/lib64/python2.7/traceback", 0x7fff55f2e9c0) = -2 (ENOENT)
Thu Dec 28 09:19:52 2017.019719 python@7f90ac38b5a0[12898] open("/usr/lib64/python2.7/traceback.so", O_RDONLY) = -2 (ENOENT)
Thu Dec 28 09:19:52 2017.019800 python@7f90ac38b5a0[12898] open("/usr/lib64/python2.7/tracebackmodule.so", O_RDONLY) = -2 (ENOENT)
Thu Dec 28 09:19:52 2017.019862 python@7f90ac38b5a0[12898] open("/usr/lib64/python2.7/traceback.py", O_RDONLY) = 4
Thu Dec 28 09:19:52 2017.019919 python@7f90ac38b154[12898] fstat(4, 0x7fff55f2fb30) = 0
Thu Dec 28 09:19:52 2017.019927 python@7f90ac38b5a0[12898] open("/usr/lib64/python2.7/traceback.pyc", O_RDONLY) = 5
Thu Dec 28 09:19:52 2017.020004 python@7f90ac38b154[12898] fstat(5, 0x7fff55f2f980) = 0
Thu Dec 28 09:19:52 2017.020010 python@7f90ac39499a[12898] mmap2(0x0, 4096, PROT_READ|PROT_WRITE, MAP_PRIVATE|MAP_ANONYMOUS, -1, 0) = 0x7f90ad575000
Thu Dec 28 09:19:52 2017.020018 python@7f90ac38b7e0[12898] read(5, 0x7f90ad575000, 4096) = 4096
Thu Dec 28 09:19:52 2017.020038 python@7f90ac38b154[12898] fstat(5, 0x7fff55f2fa20) = 0
Thu Dec 28 09:19:52 2017.020043 python@7f90ac38b7e0[12898] read(5, 0x24f7f38, 4096) = 4096
Thu Dec 28 09:19:52 2017.020048 python@7f90ac38b7e0[12898] read(5, 0x7f90ad575000, 4096) = 3431
Thu Dec 28 09:19:52 2017.020053 python@7f90ac38b7e0[12898] read(5, 0x7f90ad575000, 4096) = 0
Thu Dec 28 09:19:52 2017.020112 python@7f90ac38be90[12898] close(5) = 0
Thu Dec 28 09:19:52 2017.020119 python@7f90ac394a27[12898] munmap(0x7f90ad575000, 4096) = 0
Thu Dec 28 09:19:52 2017.020149 python@7f90ac38be90[12898] close(4) = 0
Thu Dec 28 09:19:52 2017.020341 python@7f90ac38b105[12898] stat("/usr/lib64/python2.7", 0x7fff55f2b640) = 0
Thu Dec 28 09:19:52 2017.020352 python@7f90ac38b105[12898] stat("/usr/lib64/python2.7", 0x7fff55f2e690) = 0
Thu Dec 28 09:19:52 2017.020359 python@7f90ac38b105[12898] stat("/usr/lib64/python2.7/sysconfig", 0x7fff55f2e850) = -2 (ENOENT)
Thu Dec 28 09:19:52 2017.020367 python@7f90ac38b5a0[12898] open("/usr/lib64/python2.7/sysconfig.so", O_RDONLY) = -2 (ENOENT)
Thu Dec 28 09:19:52 2017.020454 python@7f90ac38b5a0[12898] open("/usr/lib64/python2.7/sysconfigmodule.so", O_RDONLY) = -2 (ENOENT)
Thu Dec 28 09:19:52 2017.020540 python@7f90ac38b5a0[12898] open("/usr/lib64/python2.7/sysconfig.py", O_RDONLY) = 4
Thu Dec 28 09:19:52 2017.020622 python@7f90ac38b154[12898] fstat(4, 0x7fff55f2f9c0) = 0
Thu Dec 28 09:19:52 2017.020630 python@7f90ac38b5a0[12898] open("/usr/lib64/python2.7/sysconfig.pyc", O_RDONLY) = 5
Thu Dec 28 09:19:52 2017.020688 python@7f90ac38b154[12898] fstat(5, 0x7fff55f2f810) = 0
Thu Dec 28 09:19:52 2017.020695 python@7f90ac39499a[12898] mmap2(0x0, 4096, PROT_READ|PROT_WRITE, MAP_PRIVATE|MAP_ANONYMOUS, -1, 0) = 0x7f90ad575000
Thu Dec 28 09:19:52 2017.020713 python@7f90ac38b7e0[12898] read(5, 0x7f90ad575000, 4096) = 4096
Thu Dec 28 09:19:52 2017.020723 python@7f90ac38b154[12898] fstat(5, 0x7fff55f2f8b0) = 0
Thu Dec 28 09:19:52 2017.020728 python@7f90ac390fec[12898] brk(0x0) = 39030784
Thu Dec 28 09:19:52 2017.020733 python@7f90ac390fec[12898] brk(0x255b000) = 39170048
Thu Dec 28 09:19:52 2017.020752 python@7f90ac38b7e0[12898] read(5, 0x25378a8, 12288) = 12288
Thu Dec 28 09:19:52 2017.020761 python@7f90ac38b7e0[12898] read(5, 0x7f90ad575000, 4096) = 1261
Thu Dec 28 09:19:52 2017.020766 python@7f90ac38b7e0[12898] read(5, 0x7f90ad575000, 4096) = 0
Thu Dec 28 09:19:52 2017.020863 python@7f90ac38be90[12898] close(5) = 0
Thu Dec 28 09:19:52 2017.020870 python@7f90ac394a27[12898] munmap(0x7f90ad575000, 4096) = 0
Thu Dec 28 09:19:52 2017.020937 python@7f90ac38b1a5[12898] lstat("/usr", 0x7fff55f2f090) = 0
Thu Dec 28 09:19:52 2017.020958 python@7f90ac38b1a5[12898] lstat("/usr/bin", 0x7fff55f2f090) = 0
Thu Dec 28 09:19:52 2017.020969 python@7f90ac38b1a5[12898] lstat("/usr/bin/python", 0x7fff55f2f090) = 0
Thu Dec 28 09:19:52 2017.020980 python@7f90ac38cf17[12898] readlink("/usr/bin/python", 0x7fff55f2e290, 4096) = 7
Thu Dec 28 09:19:52 2017.020992 python@7f90ac38b1a5[12898] lstat("/usr/bin/python2", 0x7fff55f2ef20) = 0
Thu Dec 28 09:19:52 2017.021001 python@7f90ac38cf17[12898] readlink("/usr/bin/python2", 0x7fff55f2e120, 4096) = 9
Thu Dec 28 09:19:52 2017.021011 python@7f90ac38b1a5[12898] lstat("/usr/bin/python2.7", 0x7fff55f2edb0) = 0
Thu Dec 28 09:19:52 2017.021044 python@7f90ac38b105[12898] stat("/usr/bin/Modules/Setup.dist", 0x7fff55f2f370) = -2 (ENOENT)
Thu Dec 28 09:19:52 2017.021072 python@7f90ac38b105[12898] stat("/usr/bin/Modules/Setup.local", 0x7fff55f2f370) = -2 (ENOENT)
Thu Dec 28 09:19:52 2017.021092 python@7f90ac38be90[12898] close(4) = 0
Thu Dec 28 09:19:52 2017.021106 python@7f90ac38b105[12898] stat("/usr/bin/Modules/Setup.dist", 0x7fff55f2f8f0) = -2 (ENOENT)
Thu Dec 28 09:19:52 2017.021120 python@7f90ac38b105[12898] stat("/usr/bin/Modules/Setup.local", 0x7fff55f2f8f0) = -2 (ENOENT)
Thu Dec 28 09:19:52 2017.021132 python@7f90ac362097[12898] geteuid() = 0
Thu Dec 28 09:19:52 2017.021139 python@7f90ac362087[12898] getuid() = 0
Thu Dec 28 09:19:52 2017.021145 python@7f90ac3620b7[12898] getegid() = 0
Thu Dec 28 09:19:52 2017.021150 python@7f90ac3620a7[12898] getgid() = 0
Thu Dec 28 09:19:52 2017.021169 python@7f90ac38b105[12898] stat("/usr/lib64/python2.7/re", 0x7fff55f2e080) = -2 (ENOENT)
Thu Dec 28 09:19:52 2017.021178 python@7f90ac38b5a0[12898] open("/usr/lib64/python2.7/re.so", O_RDONLY) = -2 (ENOENT)
Thu Dec 28 09:19:52 2017.021266 python@7f90ac38b5a0[12898] open("/usr/lib64/python2.7/remodule.so", O_RDONLY) = -2 (ENOENT)
Thu Dec 28 09:19:52 2017.021332 python@7f90ac38b5a0[12898] open("/usr/lib64/python2.7/re.py", O_RDONLY) = 4
Thu Dec 28 09:19:52 2017.021389 python@7f90ac38b154[12898] fstat(4, 0x7fff55f2f1f0) = 0
Thu Dec 28 09:19:52 2017.021396 python@7f90ac38b5a0[12898] open("/usr/lib64/python2.7/re.pyc", O_RDONLY) = 5
Thu Dec 28 09:19:52 2017.021462 python@7f90ac38b154[12898] fstat(5, 0x7fff55f2f040) = 0
Thu Dec 28 09:19:52 2017.021469 python@7f90ac39499a[12898] mmap2(0x0, 4096, PROT_READ|PROT_WRITE, MAP_PRIVATE|MAP_ANONYMOUS, -1, 0) = 0x7f90ad575000
Thu Dec 28 09:19:52 2017.021478 python@7f90ac38b7e0[12898] read(5, 0x7f90ad575000, 4096) = 4096
Thu Dec 28 09:19:52 2017.021487 python@7f90ac38b154[12898] fstat(5, 0x7fff55f2f0e0) = 0
Thu Dec 28 09:19:52 2017.021506 python@7f90ac38b7e0[12898] read(5, 0x253c188, 8192) = 8192
Thu Dec 28 09:19:52 2017.021516 python@7f90ac38b7e0[12898] read(5, 0x7f90ad575000, 4096) = 806
Thu Dec 28 09:19:52 2017.021530 python@7f90ac38b7e0[12898] read(5, 0x7f90ad575000, 4096) = 0
Thu Dec 28 09:19:52 2017.021602 python@7f90ac38be90[12898] close(5) = 0
Thu Dec 28 09:19:52 2017.021610 python@7f90ac394a27[12898] munmap(0x7f90ad575000, 4096) = 0
Thu Dec 28 09:19:52 2017.021637 python@7f90ac38b105[12898] stat("/usr/lib64/python2.7/sre_compile", 0x7fff55f2db00) = -2 (ENOENT)
Thu Dec 28 09:19:52 2017.021648 python@7f90ac38b5a0[12898] open("/usr/lib64/python2.7/sre_compile.so", O_RDONLY) = -2 (ENOENT)
Thu Dec 28 09:19:52 2017.021726 python@7f90ac38b5a0[12898] open("/usr/lib64/python2.7/sre_compilemodule.so", O_RDONLY) = -2 (ENOENT)
Thu Dec 28 09:19:52 2017.021788 python@7f90ac38b5a0[12898] open("/usr/lib64/python2.7/sre_compile.py", O_RDONLY) = 5
Thu Dec 28 09:19:52 2017.021846 python@7f90ac38b154[12898] fstat(5, 0x7fff55f2ec70) = 0
Thu Dec 28 09:19:52 2017.021853 python@7f90ac38b5a0[12898] open("/usr/lib64/python2.7/sre_compile.pyc", O_RDONLY) = 6
Thu Dec 28 09:19:52 2017.021940 python@7f90ac38b154[12898] fstat(6, 0x7fff55f2eac0) = 0
Thu Dec 28 09:19:52 2017.021957 python@7f90ac39499a[12898] mmap2(0x0, 4096, PROT_READ|PROT_WRITE, MAP_PRIVATE|MAP_ANONYMOUS, -1, 0) = 0x7f90ad575000
Thu Dec 28 09:19:52 2017.021965 python@7f90ac38b7e0[12898] read(6, 0x7f90ad575000, 4096) = 4096
Thu Dec 28 09:19:52 2017.021975 python@7f90ac38b154[12898] fstat(6, 0x7fff55f2eb60) = 0
Thu Dec 28 09:19:52 2017.021985 python@7f90ac38b7e0[12898] read(6, 0x2541188, 4096) = 4096
Thu Dec 28 09:19:52 2017.022000 python@7f90ac38b7e0[12898] read(6, 0x7f90ad575000, 4096) = 2824
Thu Dec 28 09:19:52 2017.022005 python@7f90ac38b7e0[12898] read(6, 0x7f90ad575000, 4096) = 0
Thu Dec 28 09:19:52 2017.022068 python@7f90ac38be90[12898] close(6) = 0
Thu Dec 28 09:19:52 2017.022076 python@7f90ac394a27[12898] munmap(0x7f90ad575000, 4096) = 0
Thu Dec 28 09:19:52 2017.022142 python@7f90ac38b105[12898] stat("/usr/lib64/python2.7/sre_parse", 0x7fff55f2d580) = -2 (ENOENT)
Thu Dec 28 09:19:52 2017.022153 python@7f90ac38b5a0[12898] open("/usr/lib64/python2.7/sre_parse.so", O_RDONLY) = -2 (ENOENT)
Thu Dec 28 09:19:52 2017.022232 python@7f90ac38b5a0[12898] open("/usr/lib64/python2.7/sre_parsemodule.so", O_RDONLY) = -2 (ENOENT)
Thu Dec 28 09:19:52 2017.022293 python@7f90ac38b5a0[12898] open("/usr/lib64/python2.7/sre_parse.py", O_RDONLY) = 6
Thu Dec 28 09:19:52 2017.022350 python@7f90ac38b154[12898] fstat(6, 0x7fff55f2e6f0) = 0
Thu Dec 28 09:19:52 2017.022357 python@7f90ac38b5a0[12898] open("/usr/lib64/python2.7/sre_parse.pyc", O_RDONLY) = 7
Thu Dec 28 09:19:52 2017.022413 python@7f90ac38b154[12898] fstat(7, 0x7fff55f2e540) = 0
Thu Dec 28 09:19:52 2017.022419 python@7f90ac39499a[12898] mmap2(0x0, 4096, PROT_READ|PROT_WRITE, MAP_PRIVATE|MAP_ANONYMOUS, -1, 0) = 0x7f90ad575000
Thu Dec 28 09:19:52 2017.022427 python@7f90ac38b7e0[12898] read(7, 0x7f90ad575000, 4096) = 4096
Thu Dec 28 09:19:52 2017.022436 python@7f90ac38b154[12898] fstat(7, 0x7fff55f2e5e0) = 0
Thu Dec 28 09:19:52 2017.022444 python@7f90ac38b7e0[12898] read(7, 0x2547c38, 12288) = 12288
Thu Dec 28 09:19:52 2017.022454 python@7f90ac38b7e0[12898] read(7, 0x7f90ad575000, 4096) = 3054
Thu Dec 28 09:19:52 2017.022459 python@7f90ac38b7e0[12898] read(7, 0x7f90ad575000, 4096) = 0
Thu Dec 28 09:19:52 2017.022568 python@7f90ac38be90[12898] close(7) = 0
Thu Dec 28 09:19:52 2017.022576 python@7f90ac394a27[12898] munmap(0x7f90ad575000, 4096) = 0
Thu Dec 28 09:19:52 2017.022605 python@7f90ac38b105[12898] stat("/usr/lib64/python2.7/sre_constants", 0x7fff55f2d000) = -2 (ENOENT)
Thu Dec 28 09:19:52 2017.022615 python@7f90ac38b5a0[12898] open("/usr/lib64/python2.7/sre_constants.so", O_RDONLY) = -2 (ENOENT)
Thu Dec 28 09:19:52 2017.022693 python@7f90ac38b5a0[12898] open("/usr/lib64/python2.7/sre_constantsmodule.so", O_RDONLY) = -2 (ENOENT)
Thu Dec 28 09:19:52 2017.022754 python@7f90ac38b5a0[12898] open("/usr/lib64/python2.7/sre_constants.py", O_RDONLY) = 7
Thu Dec 28 09:19:52 2017.022811 python@7f90ac38b154[12898] fstat(7, 0x7fff55f2e170) = 0
Thu Dec 28 09:19:52 2017.022818 python@7f90ac38b5a0[12898] open("/usr/lib64/python2.7/sre_constants.pyc", O_RDONLY) = 8
Thu Dec 28 09:19:52 2017.022905 python@7f90ac38b154[12898] fstat(8, 0x7fff55f2dfc0) = 0
Thu Dec 28 09:19:52 2017.022911 python@7f90ac39499a[12898] mmap2(0x0, 4096, PROT_READ|PROT_WRITE, MAP_PRIVATE|MAP_ANONYMOUS, -1, 0) = 0x7f90ad575000
Thu Dec 28 09:19:52 2017.022920 python@7f90ac38b7e0[12898] read(8, 0x7f90ad575000, 4096) = 4096
Thu Dec 28 09:19:52 2017.022928 python@7f90ac38b154[12898] fstat(8, 0x7fff55f2e060) = 0
Thu Dec 28 09:19:52 2017.022935 python@7f90ac38b7e0[12898] read(8, 0x7f90ad575000, 4096) = 2021
Thu Dec 28 09:19:52 2017.022940 python@7f90ac38b7e0[12898] read(8, 0x7f90ad575000, 4096) = 0
Thu Dec 28 09:19:52 2017.022990 python@7f90ac38be90[12898] close(8) = 0
Thu Dec 28 09:19:52 2017.022997 python@7f90ac394a27[12898] munmap(0x7f90ad575000, 4096) = 0
Thu Dec 28 09:19:52 2017.023075 python@7f90ac38be90[12898] close(7) = 0
Thu Dec 28 09:19:52 2017.023132 python@7f90ac39499a[12898] mmap2(0x0, 266240, PROT_READ|PROT_WRITE, MAP_PRIVATE|MAP_ANONYMOUS, -1, 0) = 0x7f90ad429000
Thu Dec 28 09:19:52 2017.023165 python@7f90ac38be90[12898] close(6) = 0
Thu Dec 28 09:19:52 2017.023207 python@7f90ac38be90[12898] close(5) = 0
Thu Dec 28 09:19:52 2017.023273 python@7f90ac38be90[12898] close(4) = 0
Thu Dec 28 09:19:52 2017.023291 python@7f90ac38b105[12898] stat("/usr/lib64/python2.7/_sysconfigdata", 0x7fff55f2df10) = -2 (ENOENT)
Thu Dec 28 09:19:52 2017.023302 python@7f90ac38b5a0[12898] open("/usr/lib64/python2.7/_sysconfigdata.so", O_RDONLY) = -2 (ENOENT)
Thu Dec 28 09:19:52 2017.023389 python@7f90ac38b5a0[12898] open("/usr/lib64/python2.7/_sysconfigdatamodule.so", O_RDONLY) = -2 (ENOENT)
Thu Dec 28 09:19:52 2017.023464 python@7f90ac38b5a0[12898] open("/usr/lib64/python2.7/_sysconfigdata.py", O_RDONLY) = 4
Thu Dec 28 09:19:52 2017.023558 python@7f90ac38b154[12898] fstat(4, 0x7fff55f2f080) = 0
Thu Dec 28 09:19:52 2017.023576 python@7f90ac38b5a0[12898] open("/usr/lib64/python2.7/_sysconfigdata.pyc", O_RDONLY) = 5
Thu Dec 28 09:19:52 2017.023651 python@7f90ac38b154[12898] fstat(5, 0x7fff55f2eed0) = 0
Thu Dec 28 09:19:52 2017.023657 python@7f90ac39499a[12898] mmap2(0x0, 4096, PROT_READ|PROT_WRITE, MAP_PRIVATE|MAP_ANONYMOUS, -1, 0) = 0x7f90ad575000
Thu Dec 28 09:19:52 2017.023666 python@7f90ac38b7e0[12898] read(5, 0x7f90ad575000, 4096) = 4096
Thu Dec 28 09:19:52 2017.023676 python@7f90ac38b154[12898] fstat(5, 0x7fff55f2ef70) = 0
Thu Dec 28 09:19:52 2017.023681 python@7f90ac390fec[12898] brk(0x0) = 39170048
Thu Dec 28 09:19:52 2017.023686 python@7f90ac390fec[12898] brk(0x257d000) = 39309312
Thu Dec 28 09:19:52 2017.023695 python@7f90ac38b7e0[12898] read(5, 0x2558468, 16384) = 16384
Thu Dec 28 09:19:52 2017.023717 python@7f90ac38b7e0[12898] read(5, 0x7f90ad575000, 4096) = 715
Thu Dec 28 09:19:52 2017.023722 python@7f90ac38b7e0[12898] read(5, 0x7f90ad575000, 4096) = 0
Thu Dec 28 09:19:52 2017.023849 python@7f90ac390fec[12898] brk(0x0) = 39309312
Thu Dec 28 09:19:52 2017.023853 python@7f90ac390fec[12898] brk(0x0) = 39309312
Thu Dec 28 09:19:52 2017.023856 python@7f90ac390fec[12898] brk(0x2578000) = 39288832
Thu Dec 28 09:19:52 2017.023863 python@7f90ac390fec[12898] brk(0x0) = 39288832
Thu Dec 28 09:19:52 2017.023867 python@7f90ac38be90[12898] close(5) = 0
Thu Dec 28 09:19:52 2017.023874 python@7f90ac394a27[12898] munmap(0x7f90ad575000, 4096) = 0
Thu Dec 28 09:19:52 2017.023913 python@7f90ac38be90[12898] close(4) = 0
Thu Dec 28 09:19:52 2017.024284 python@7f90ac38b105[12898] stat("/root/.local/lib/python2.7/site-packages", 0x7fff55f2f8f0) = -2 (ENOENT)
Thu Dec 28 09:19:52 2017.024320 python@7f90ac38b105[12898] stat("/usr/lib64/python2.7/site-packages", 0x7fff55f2f8f0) = 0
Thu Dec 28 09:19:52 2017.024351 python@7f90ac38b660[12898] openat(AT_FDCWD, "/usr/lib64/python2.7/site-packages", O_RDONLY|O_NONBLOCK|O_DIRECTORY|O_CLOEXEC) = 4
Thu Dec 28 09:19:52 2017.024369 python@7f90ac35ccb5[12898] getdents(4, 0x25694c0, 32768) = 4328
Thu Dec 28 09:19:52 2017.024404 python@7f90ac35ccb5[12898] getdents(4, 0x25694c0, 32768) = 0
Thu Dec 28 09:19:52 2017.024410 python@7f90ac38be90[12898] close(4) = 0
Thu Dec 28 09:19:52 2017.024456 python@7f90ac38b5a0[12898] open("/usr/lib64/python2.7/site-packages/abrt.pth", O_RDONLY) = 4
Thu Dec 28 09:19:52 2017.024561 python@7f90ac38b154[12898] fstat(4, 0x7fff55f2f4d0) = 0
Thu Dec 28 09:19:52 2017.024577 python@7f90ac38b154[12898] fstat(4, 0x7fff55f2f500) = 0
Thu Dec 28 09:19:52 2017.024604 python@7f90ac39499a[12898] mmap2(0x0, 4096, PROT_READ|PROT_WRITE, MAP_PRIVATE|MAP_ANONYMOUS, -1, 0) = 0x7f90ad575000
Thu Dec 28 09:19:52 2017.024612 python@7f90ac38b7e0[12898] read(4, 0x253b190, 8192) = 30
Thu Dec 28 09:19:52 2017.024618 python@7f90ac38b7e0[12898] read(4, 0x253b1ae, 4096) = 0
Thu Dec 28 09:19:52 2017.024792 python@7f90ac390fec[12898] brk(0x0) = 39288832
Thu Dec 28 09:19:52 2017.024797 python@7f90ac390fec[12898] brk(0x2599000) = 39424000
Thu Dec 28 09:19:52 2017.024890 python@7f90ac38b105[12898] stat("/usr/lib64/python2.7/abrt_exception_handler", 0x7fff55f2e010) = -2 (ENOENT)
Thu Dec 28 09:19:52 2017.024902 python@7f90ac38b5a0[12898] open("/usr/lib64/python2.7/abrt_exception_handler.so", O_RDONLY) = -2 (ENOENT)
Thu Dec 28 09:19:52 2017.024987 python@7f90ac38b5a0[12898] open("/usr/lib64/python2.7/abrt_exception_handlermodule.so", O_RDONLY) = -2 (ENOENT)
Thu Dec 28 09:19:52 2017.025064 python@7f90ac38b5a0[12898] open("/usr/lib64/python2.7/abrt_exception_handler.py", O_RDONLY) = -2 (ENOENT)
Thu Dec 28 09:19:52 2017.025133 python@7f90ac38b5a0[12898] open("/usr/lib64/python2.7/abrt_exception_handler.pyc", O_RDONLY) = -2 (ENOENT)
Thu Dec 28 09:19:52 2017.025195 python@7f90ac38b105[12898] stat("/usr/lib64/python2.7/plat-linux2", 0x7fff55f2ae00) = 0
Thu Dec 28 09:19:52 2017.025206 python@7f90ac38b105[12898] stat("/usr/lib64/python2.7/plat-linux2", 0x7fff55f2de50) = 0
Thu Dec 28 09:19:52 2017.025214 python@7f90ac38b105[12898] stat("/usr/lib64/python2.7/plat-linux2/abrt_exception_handler", 0x7fff55f2e010) = -2 (ENOENT)
Thu Dec 28 09:19:52 2017.025222 python@7f90ac38b5a0[12898] open("/usr/lib64/python2.7/plat-linux2/abrt_exception_handler.so", O_RDONLY) = -2 (ENOENT)
Thu Dec 28 09:19:52 2017.025286 python@7f90ac38b5a0[12898] open("/usr/lib64/python2.7/plat-linux2/abrt_exception_handlermodule.so", O_RDONLY) = -2 (ENOENT)
Thu Dec 28 09:19:52 2017.025343 python@7f90ac38b5a0[12898] open("/usr/lib64/python2.7/plat-linux2/abrt_exception_handler.py", O_RDONLY) = -2 (ENOENT)
Thu Dec 28 09:19:52 2017.025400 python@7f90ac38b5a0[12898] open("/usr/lib64/python2.7/plat-linux2/abrt_exception_handler.pyc", O_RDONLY) = -2 (ENOENT)
Thu Dec 28 09:19:52 2017.025458 python@7f90ac38b105[12898] stat("/usr/lib64/python2.7/lib-tk", 0x7fff55f2ae00) = -2 (ENOENT)
Thu Dec 28 09:19:52 2017.025475 python@7f90ac38b105[12898] stat("/usr/lib64/python2.7", 0x7fff55f2ae00) = 0
Thu Dec 28 09:19:52 2017.025494 python@7f90ac38b105[12898] stat("/usr/lib64/python2.7/lib-tk", 0x7fff55f2de50) = -2 (ENOENT)
Thu Dec 28 09:19:52 2017.025503 python@7f90ac38b105[12898] stat("/usr/lib64/python2.7/lib-old", 0x7fff55f2ae00) = -2 (ENOENT)
Thu Dec 28 09:19:52 2017.025509 python@7f90ac38b105[12898] stat("/usr/lib64/python2.7", 0x7fff55f2ae00) = 0
Thu Dec 28 09:19:52 2017.025524 python@7f90ac38b105[12898] stat("/usr/lib64/python2.7/lib-old", 0x7fff55f2de50) = -2 (ENOENT)
Thu Dec 28 09:19:52 2017.025549 python@7f90ac38b105[12898] stat("/usr/lib64/python2.7/lib-dynload", 0x7fff55f2ae00) = 0
Thu Dec 28 09:19:52 2017.025556 python@7f90ac38b105[12898] stat("/usr/lib64/python2.7/lib-dynload", 0x7fff55f2de50) = 0
Thu Dec 28 09:19:52 2017.025563 python@7f90ac38b105[12898] stat("/usr/lib64/python2.7/lib-dynload/abrt_exception_handler", 0x7fff55f2e010) = -2 (ENOENT)
Thu Dec 28 09:19:52 2017.025571 python@7f90ac38b5a0[12898] open("/usr/lib64/python2.7/lib-dynload/abrt_exception_handler.so", O_RDONLY) = -2 (ENOENT)
Thu Dec 28 09:19:52 2017.025643 python@7f90ac38b5a0[12898] open("/usr/lib64/python2.7/lib-dynload/abrt_exception_handlermodule.so", O_RDONLY) = -2 (ENOENT)
Thu Dec 28 09:19:52 2017.025704 python@7f90ac38b5a0[12898] open("/usr/lib64/python2.7/lib-dynload/abrt_exception_handler.py", O_RDONLY) = -2 (ENOENT)
Thu Dec 28 09:19:52 2017.025761 python@7f90ac38b5a0[12898] open("/usr/lib64/python2.7/lib-dynload/abrt_exception_handler.pyc", O_RDONLY) = -2 (ENOENT)
Thu Dec 28 09:19:52 2017.025819 python@7f90ac38b105[12898] stat("/usr/lib64/python2.7/site-packages", 0x7fff55f2ae00) = 0
Thu Dec 28 09:19:52 2017.025829 python@7f90ac38b105[12898] stat("/usr/lib64/python2.7/site-packages", 0x7fff55f2de50) = 0
Thu Dec 28 09:19:52 2017.025836 python@7f90ac38b105[12898] stat("/usr/lib64/python2.7/site-packages/abrt_exception_handler", 0x7fff55f2e010) = -2 (ENOENT)
Thu Dec 28 09:19:52 2017.025843 python@7f90ac38b5a0[12898] open("/usr/lib64/python2.7/site-packages/abrt_exception_handler.so", O_RDONLY) = -2 (ENOENT)
Thu Dec 28 09:19:52 2017.025903 python@7f90ac38b5a0[12898] open("/usr/lib64/python2.7/site-packages/abrt_exception_handlermodule.so", O_RDONLY) = -2 (ENOENT)
Thu Dec 28 09:19:52 2017.025960 python@7f90ac38b5a0[12898] open("/usr/lib64/python2.7/site-packages/abrt_exception_handler.py", O_RDONLY) = 5
Thu Dec 28 09:19:52 2017.026017 python@7f90ac38b154[12898] fstat(5, 0x7fff55f2f180) = 0
Thu Dec 28 09:19:52 2017.026034 python@7f90ac38b5a0[12898] open("/usr/lib64/python2.7/site-packages/abrt_exception_handler.pyc", O_RDONLY) = 6
Thu Dec 28 09:19:52 2017.026091 python@7f90ac38b154[12898] fstat(6, 0x7fff55f2efd0) = 0
Thu Dec 28 09:19:52 2017.026097 python@7f90ac39499a[12898] mmap2(0x0, 4096, PROT_READ|PROT_WRITE, MAP_PRIVATE|MAP_ANONYMOUS, -1, 0) = 0x7f90ad574000
Thu Dec 28 09:19:52 2017.026105 python@7f90ac38b7e0[12898] read(6, 0x7f90ad574000, 4096) = 4096
Thu Dec 28 09:19:52 2017.026115 python@7f90ac38b154[12898] fstat(6, 0x7fff55f2f070) = 0
Thu Dec 28 09:19:52 2017.026123 python@7f90ac38b7e0[12898] read(6, 0x7f90ad574000, 4096) = 3077
Thu Dec 28 09:19:52 2017.026128 python@7f90ac38b7e0[12898] read(6, 0x7f90ad574000, 4096) = 0
Thu Dec 28 09:19:52 2017.026180 python@7f90ac38be90[12898] close(6) = 0
Thu Dec 28 09:19:52 2017.026188 python@7f90ac394a27[12898] munmap(0x7f90ad574000, 4096) = 0
Thu Dec 28 09:19:52 2017.026239 python@7f90ac38be90[12898] close(5) = 0
Thu Dec 28 09:19:52 2017.026253 python@7f90ac38b7e0[12898] read(4, 0x253b190, 8192) = 0
Thu Dec 28 09:19:52 2017.026264 python@7f90ac38be90[12898] close(4) = 0
Thu Dec 28 09:19:52 2017.026269 python@7f90ac394a27[12898] munmap(0x7f90ad575000, 4096) = 0
Thu Dec 28 09:19:52 2017.026290 python@7f90ac38b5a0[12898] open("/usr/lib64/python2.7/site-packages/pygtk.pth", O_RDONLY) = 4
Thu Dec 28 09:19:52 2017.026371 python@7f90ac38b154[12898] fstat(4, 0x7fff55f2f4d0) = 0
Thu Dec 28 09:19:52 2017.026382 python@7f90ac38b154[12898] fstat(4, 0x7fff55f2f500) = 0
Thu Dec 28 09:19:52 2017.026388 python@7f90ac39499a[12898] mmap2(0x0, 4096, PROT_READ|PROT_WRITE, MAP_PRIVATE|MAP_ANONYMOUS, -1, 0) = 0x7f90ad575000
Thu Dec 28 09:19:52 2017.026396 python@7f90ac38b7e0[12898] read(4, 0x253b190, 8192) = 8
Thu Dec 28 09:19:52 2017.026401 python@7f90ac38b7e0[12898] read(4, 0x253b198, 4096) = 0
Thu Dec 28 09:19:52 2017.026440 python@7f90ac38b105[12898] stat("/usr/lib64/python2.7/site-packages/gtk-2.0", 0x7fff55f2f4d0) = 0
Thu Dec 28 09:19:52 2017.026453 python@7f90ac38b7e0[12898] read(4, 0x253b190, 8192) = 0
Thu Dec 28 09:19:52 2017.026460 python@7f90ac38be90[12898] close(4) = 0
Thu Dec 28 09:19:52 2017.026477 python@7f90ac394a27[12898] munmap(0x7f90ad575000, 4096) = 0
Thu Dec 28 09:19:52 2017.026490 python@7f90ac38b105[12898] stat("/usr/lib/python2.7/site-packages", 0x7fff55f2f8f0) = 0
Thu Dec 28 09:19:52 2017.026518 python@7f90ac38b660[12898] openat(AT_FDCWD, "/usr/lib/python2.7/site-packages", O_RDONLY|O_NONBLOCK|O_DIRECTORY|O_CLOEXEC) = 4
Thu Dec 28 09:19:52 2017.026541 python@7f90ac35ccb5[12898] getdents(4, 0x25808c0, 32768) = 3736
Thu Dec 28 09:19:52 2017.026570 python@7f90ac35ccb5[12898] getdents(4, 0x25808c0, 32768) = 0
Thu Dec 28 09:19:52 2017.026576 python@7f90ac38be90[12898] close(4) = 0
Thu Dec 28 09:19:52 2017.026609 python@7f90ac38b105[12898] stat("/usr/lib/site-python", 0x7fff55f2f8f0) = -2 (ENOENT)
Thu Dec 28 09:19:52 2017.026676 python@7f90ac38b105[12898] stat("/usr/lib64/python2.7/sitecustomize", 0x7fff55f2e6e0) = -2 (ENOENT)
Thu Dec 28 09:19:52 2017.026686 python@7f90ac38b5a0[12898] open("/usr/lib64/python2.7/sitecustomize.so", O_RDONLY) = -2 (ENOENT)
Thu Dec 28 09:19:52 2017.026770 python@7f90ac38b5a0[12898] open("/usr/lib64/python2.7/sitecustomizemodule.so", O_RDONLY) = -2 (ENOENT)
Thu Dec 28 09:19:52 2017.026834 python@7f90ac38b5a0[12898] open("/usr/lib64/python2.7/sitecustomize.py", O_RDONLY) = -2 (ENOENT)
Thu Dec 28 09:19:52 2017.026892 python@7f90ac38b5a0[12898] open("/usr/lib64/python2.7/sitecustomize.pyc", O_RDONLY) = -2 (ENOENT)
Thu Dec 28 09:19:52 2017.026960 python@7f90ac38b105[12898] stat("/usr/lib64/python2.7/plat-linux2/sitecustomize", 0x7fff55f2e6e0) = -2 (ENOENT)
Thu Dec 28 09:19:52 2017.026969 python@7f90ac38b5a0[12898] open("/usr/lib64/python2.7/plat-linux2/sitecustomize.so", O_RDONLY) = -2 (ENOENT)
Thu Dec 28 09:19:52 2017.027038 python@7f90ac38b5a0[12898] open("/usr/lib64/python2.7/plat-linux2/sitecustomizemodule.so", O_RDONLY) = -2 (ENOENT)
Thu Dec 28 09:19:52 2017.027097 python@7f90ac38b5a0[12898] open("/usr/lib64/python2.7/plat-linux2/sitecustomize.py", O_RDONLY) = -2 (ENOENT)
Thu Dec 28 09:19:52 2017.027175 python@7f90ac38b5a0[12898] open("/usr/lib64/python2.7/plat-linux2/sitecustomize.pyc", O_RDONLY) = -2 (ENOENT)
Thu Dec 28 09:19:52 2017.027235 python@7f90ac38b105[12898] stat("/usr/lib64/python2.7/lib-dynload/sitecustomize", 0x7fff55f2e6e0) = -2 (ENOENT)
Thu Dec 28 09:19:52 2017.027244 python@7f90ac38b5a0[12898] open("/usr/lib64/python2.7/lib-dynload/sitecustomize.so", O_RDONLY) = -2 (ENOENT)
Thu Dec 28 09:19:52 2017.027303 python@7f90ac38b5a0[12898] open("/usr/lib64/python2.7/lib-dynload/sitecustomizemodule.so", O_RDONLY) = -2 (ENOENT)
Thu Dec 28 09:19:52 2017.027370 python@7f90ac38b5a0[12898] open("/usr/lib64/python2.7/lib-dynload/sitecustomize.py", O_RDONLY) = -2 (ENOENT)
Thu Dec 28 09:19:52 2017.027426 python@7f90ac38b5a0[12898] open("/usr/lib64/python2.7/lib-dynload/sitecustomize.pyc", O_RDONLY) = -2 (ENOENT)
Thu Dec 28 09:19:52 2017.027483 python@7f90ac38b105[12898] stat("/usr/lib64/python2.7/site-packages/sitecustomize", 0x7fff55f2e6e0) = -2 (ENOENT)
Thu Dec 28 09:19:52 2017.027491 python@7f90ac38b5a0[12898] open("/usr/lib64/python2.7/site-packages/sitecustomize.so", O_RDONLY) = -2 (ENOENT)
Thu Dec 28 09:19:52 2017.027562 python@7f90ac38b5a0[12898] open("/usr/lib64/python2.7/site-packages/sitecustomizemodule.so", O_RDONLY) = -2 (ENOENT)
Thu Dec 28 09:19:52 2017.027634 python@7f90ac38b5a0[12898] open("/usr/lib64/python2.7/site-packages/sitecustomize.py", O_RDONLY) = -2 (ENOENT)
Thu Dec 28 09:19:52 2017.027694 python@7f90ac38b5a0[12898] open("/usr/lib64/python2.7/site-packages/sitecustomize.pyc", O_RDONLY) = -2 (ENOENT)
Thu Dec 28 09:19:52 2017.027753 python@7f90ac38b105[12898] stat("/usr/lib64/python2.7/site-packages/gtk-2.0", 0x7fff55f2b4d0) = 0
Thu Dec 28 09:19:52 2017.027774 python@7f90ac38b105[12898] stat("/usr/lib64/python2.7/site-packages/gtk-2.0", 0x7fff55f2e520) = 0
Thu Dec 28 09:19:52 2017.027781 python@7f90ac38b105[12898] stat("/usr/lib64/python2.7/site-packages/gtk-2.0/sitecustomize", 0x7fff55f2e6e0) = -2 (ENOENT)
Thu Dec 28 09:19:52 2017.027789 python@7f90ac38b5a0[12898] open("/usr/lib64/python2.7/site-packages/gtk-2.0/sitecustomize.so", O_RDONLY) = -2 (ENOENT)
Thu Dec 28 09:19:52 2017.027850 python@7f90ac38b5a0[12898] open("/usr/lib64/python2.7/site-packages/gtk-2.0/sitecustomizemodule.so", O_RDONLY) = -2 (ENOENT)
Thu Dec 28 09:19:52 2017.027907 python@7f90ac38b5a0[12898] open("/usr/lib64/python2.7/site-packages/gtk-2.0/sitecustomize.py", O_RDONLY) = -2 (ENOENT)
Thu Dec 28 09:19:52 2017.027984 python@7f90ac38b5a0[12898] open("/usr/lib64/python2.7/site-packages/gtk-2.0/sitecustomize.pyc", O_RDONLY) = -2 (ENOENT)
Thu Dec 28 09:19:52 2017.028053 python@7f90ac38b105[12898] stat("/usr/lib/python2.7/site-packages", 0x7fff55f2b4d0) = 0
Thu Dec 28 09:19:52 2017.028063 python@7f90ac38b105[12898] stat("/usr/lib/python2.7/site-packages", 0x7fff55f2e520) = 0
Thu Dec 28 09:19:52 2017.028070 python@7f90ac38b105[12898] stat("/usr/lib/python2.7/site-packages/sitecustomize", 0x7fff55f2e6e0) = -2 (ENOENT)
Thu Dec 28 09:19:52 2017.028077 python@7f90ac38b5a0[12898] open("/usr/lib/python2.7/site-packages/sitecustomize.so", O_RDONLY) = -2 (ENOENT)
Thu Dec 28 09:19:52 2017.028136 python@7f90ac38b5a0[12898] open("/usr/lib/python2.7/site-packages/sitecustomizemodule.so", O_RDONLY) = -2 (ENOENT)
Thu Dec 28 09:19:52 2017.028193 python@7f90ac38b5a0[12898] open("/usr/lib/python2.7/site-packages/sitecustomize.py", O_RDONLY) = -2 (ENOENT)
Thu Dec 28 09:19:52 2017.028249 python@7f90ac38b5a0[12898] open("/usr/lib/python2.7/site-packages/sitecustomize.pyc", O_RDONLY) = -2 (ENOENT)
Thu Dec 28 09:19:52 2017.028321 python@7f90ac38b105[12898] stat("/usr/lib64/python2.7/usercustomize", 0x7fff55f2e6e0) = -2 (ENOENT)
Thu Dec 28 09:19:52 2017.028330 python@7f90ac38b5a0[12898] open("/usr/lib64/python2.7/usercustomize.so", O_RDONLY) = -2 (ENOENT)
Thu Dec 28 09:19:52 2017.028413 python@7f90ac38b5a0[12898] open("/usr/lib64/python2.7/usercustomizemodule.so", O_RDONLY) = -2 (ENOENT)
Thu Dec 28 09:19:52 2017.028469 python@7f90ac38b5a0[12898] open("/usr/lib64/python2.7/usercustomize.py", O_RDONLY) = -2 (ENOENT)
Thu Dec 28 09:19:52 2017.028534 python@7f90ac38b5a0[12898] open("/usr/lib64/python2.7/usercustomize.pyc", O_RDONLY) = -2 (ENOENT)
Thu Dec 28 09:19:52 2017.028606 python@7f90ac38b105[12898] stat("/usr/lib64/python2.7/plat-linux2/usercustomize", 0x7fff55f2e6e0) = -2 (ENOENT)
Thu Dec 28 09:19:52 2017.028615 python@7f90ac38b5a0[12898] open("/usr/lib64/python2.7/plat-linux2/usercustomize.so", O_RDONLY) = -2 (ENOENT)
Thu Dec 28 09:19:52 2017.028672 python@7f90ac38b5a0[12898] open("/usr/lib64/python2.7/plat-linux2/usercustomizemodule.so", O_RDONLY) = -2 (ENOENT)
Thu Dec 28 09:19:52 2017.028748 python@7f90ac38b5a0[12898] open("/usr/lib64/python2.7/plat-linux2/usercustomize.py", O_RDONLY) = -2 (ENOENT)
Thu Dec 28 09:19:52 2017.028805 python@7f90ac38b5a0[12898] open("/usr/lib64/python2.7/plat-linux2/usercustomize.pyc", O_RDONLY) = -2 (ENOENT)
Thu Dec 28 09:19:52 2017.028864 python@7f90ac38b105[12898] stat("/usr/lib64/python2.7/lib-dynload/usercustomize", 0x7fff55f2e6e0) = -2 (ENOENT)
Thu Dec 28 09:19:52 2017.028873 python@7f90ac38b5a0[12898] open("/usr/lib64/python2.7/lib-dynload/usercustomize.so", O_RDONLY) = -2 (ENOENT)
Thu Dec 28 09:19:52 2017.028931 python@7f90ac38b5a0[12898] open("/usr/lib64/python2.7/lib-dynload/usercustomizemodule.so", O_RDONLY) = -2 (ENOENT)
Thu Dec 28 09:19:52 2017.028995 python@7f90ac38b5a0[12898] open("/usr/lib64/python2.7/lib-dynload/usercustomize.py", O_RDONLY) = -2 (ENOENT)
Thu Dec 28 09:19:52 2017.029052 python@7f90ac38b5a0[12898] open("/usr/lib64/python2.7/lib-dynload/usercustomize.pyc", O_RDONLY) = -2 (ENOENT)
Thu Dec 28 09:19:52 2017.029118 python@7f90ac38b105[12898] stat("/usr/lib64/python2.7/site-packages/usercustomize", 0x7fff55f2e6e0) = -2 (ENOENT)
Thu Dec 28 09:19:52 2017.029126 python@7f90ac38b5a0[12898] open("/usr/lib64/python2.7/site-packages/usercustomize.so", O_RDONLY) = -2 (ENOENT)
Thu Dec 28 09:19:52 2017.029184 python@7f90ac38b5a0[12898] open("/usr/lib64/python2.7/site-packages/usercustomizemodule.so", O_RDONLY) = -2 (ENOENT)
Thu Dec 28 09:19:52 2017.029241 python@7f90ac38b5a0[12898] open("/usr/lib64/python2.7/site-packages/usercustomize.py", O_RDONLY) = -2 (ENOENT)
Thu Dec 28 09:19:52 2017.029317 python@7f90ac38b5a0[12898] open("/usr/lib64/python2.7/site-packages/usercustomize.pyc", O_RDONLY) = -2 (ENOENT)
Thu Dec 28 09:19:52 2017.029377 python@7f90ac38b105[12898] stat("/usr/lib64/python2.7/site-packages/gtk-2.0/usercustomize", 0x7fff55f2e6e0) = -2 (ENOENT)
Thu Dec 28 09:19:52 2017.029396 python@7f90ac38b5a0[12898] open("/usr/lib64/python2.7/site-packages/gtk-2.0/usercustomize.so", O_RDONLY) = -2 (ENOENT)
Thu Dec 28 09:19:52 2017.029454 python@7f90ac38b5a0[12898] open("/usr/lib64/python2.7/site-packages/gtk-2.0/usercustomizemodule.so", O_RDONLY) = -2 (ENOENT)
Thu Dec 28 09:19:52 2017.029511 python@7f90ac38b5a0[12898] open("/usr/lib64/python2.7/site-packages/gtk-2.0/usercustomize.py", O_RDONLY) = -2 (ENOENT)
Thu Dec 28 09:19:52 2017.029590 python@7f90ac38b5a0[12898] open("/usr/lib64/python2.7/site-packages/gtk-2.0/usercustomize.pyc", O_RDONLY) = -2 (ENOENT)
Thu Dec 28 09:19:52 2017.029647 python@7f90ac38b105[12898] stat("/usr/lib/python2.7/site-packages/usercustomize", 0x7fff55f2e6e0) = -2 (ENOENT)
Thu Dec 28 09:19:52 2017.029655 python@7f90ac38b5a0[12898] open("/usr/lib/python2.7/site-packages/usercustomize.so", O_RDONLY) = -2 (ENOENT)
Thu Dec 28 09:19:52 2017.029712 python@7f90ac38b5a0[12898] open("/usr/lib/python2.7/site-packages/usercustomizemodule.so", O_RDONLY) = -2 (ENOENT)
Thu Dec 28 09:19:52 2017.029771 python@7f90ac38b5a0[12898] open("/usr/lib/python2.7/site-packages/usercustomize.py", O_RDONLY) = -2 (ENOENT)
Thu Dec 28 09:19:52 2017.029848 python@7f90ac38b5a0[12898] open("/usr/lib/python2.7/site-packages/usercustomize.pyc", O_RDONLY) = -2 (ENOENT)
Thu Dec 28 09:19:52 2017.029921 python@7f90ac38be90[12898] close(3) = 0
Thu Dec 28 09:19:52 2017.029947 python@7f90ac38b5a0[12898] open(0x7f90ac4248d0, O_RDONLY|O_CLOEXEC) = 3
Thu Dec 28 09:19:52 2017.030012 python@7f90ac38b154[12898] fstat(3, 0x7f90ac65fb60) = 0
Thu Dec 28 09:19:52 2017.030029 python@7f90ac39499a[12898] mmap2(0x0, 106070960, PROT_READ, MAP_PRIVATE, 3, 0) = 0x7f90a5d79000
Thu Dec 28 09:19:52 2017.030041 python@7f90ac2cf40d[12898] close(3) = 0
Thu Dec 28 09:19:52 2017.030076 python@7f90ac38b105[12898] stat("/usr/lib64/python2.7/encodings", 0x7fff55f2f0b0) = 0
Thu Dec 28 09:19:52 2017.030085 python@7f90ac38b105[12898] stat("/usr/lib64/python2.7/encodings/__init__.py", 0x7fff55f2f1d0) = 0
Thu Dec 28 09:19:52 2017.030095 python@7f90ac38b105[12898] stat("/usr/lib64/python2.7/encodings/__init__", 0x7fff55f2f060) = -2 (ENOENT)
Thu Dec 28 09:19:52 2017.030103 python@7f90ac38b5a0[12898] open("/usr/lib64/python2.7/encodings/__init__.so", O_RDONLY) = -2 (ENOENT)
Thu Dec 28 09:19:52 2017.030169 python@7f90ac38b5a0[12898] open("/usr/lib64/python2.7/encodings/__init__module.so", O_RDONLY) = -2 (ENOENT)
Thu Dec 28 09:19:52 2017.030226 python@7f90ac38b5a0[12898] open("/usr/lib64/python2.7/encodings/__init__.py", O_RDONLY) = 3
Thu Dec 28 09:19:52 2017.030282 python@7f90ac38b154[12898] fstat(3, 0x7fff55f301d0) = 0
Thu Dec 28 09:19:52 2017.030299 python@7f90ac38b5a0[12898] open("/usr/lib64/python2.7/encodings/__init__.pyc", O_RDONLY) = 4
Thu Dec 28 09:19:52 2017.030385 python@7f90ac38b154[12898] fstat(4, 0x7fff55f30020) = 0
Thu Dec 28 09:19:52 2017.030391 python@7f90ac39499a[12898] mmap2(0x0, 4096, PROT_READ|PROT_WRITE, MAP_PRIVATE|MAP_ANONYMOUS, -1, 0) = 0x7f90ad575000
Thu Dec 28 09:19:52 2017.030400 python@7f90ac38b7e0[12898] read(4, 0x7f90ad575000, 4096) = 4096
Thu Dec 28 09:19:52 2017.030420 python@7f90ac38b154[12898] fstat(4, 0x7fff55f300c0) = 0
Thu Dec 28 09:19:52 2017.030425 python@7f90ac38b7e0[12898] read(4, 0x7f90ad575000, 4096) = 282
Thu Dec 28 09:19:52 2017.030430 python@7f90ac38b7e0[12898] read(4, 0x7f90ad575000, 4096) = 0
Thu Dec 28 09:19:52 2017.030456 python@7f90ac38be90[12898] close(4) = 0
Thu Dec 28 09:19:52 2017.030463 python@7f90ac394a27[12898] munmap(0x7f90ad575000, 4096) = 0
Thu Dec 28 09:19:52 2017.030488 python@7f90ac38b105[12898] stat("/usr/lib64/python2.7/encodings", 0x7fff55f2b8d0) = 0
Thu Dec 28 09:19:52 2017.030498 python@7f90ac38b105[12898] stat("/usr/lib64/python2.7/encodings", 0x7fff55f2e920) = 0
Thu Dec 28 09:19:52 2017.030505 python@7f90ac38b105[12898] stat("/usr/lib64/python2.7/encodings/codecs", 0x7fff55f2eae0) = -2 (ENOENT)
Thu Dec 28 09:19:52 2017.030513 python@7f90ac38b5a0[12898] open("/usr/lib64/python2.7/encodings/codecs.so", O_RDONLY) = -2 (ENOENT)
Thu Dec 28 09:19:52 2017.030601 python@7f90ac38b5a0[12898] open("/usr/lib64/python2.7/encodings/codecsmodule.so", O_RDONLY) = -2 (ENOENT)
Thu Dec 28 09:19:52 2017.030662 python@7f90ac38b5a0[12898] open("/usr/lib64/python2.7/encodings/codecs.py", O_RDONLY) = -2 (ENOENT)
Thu Dec 28 09:19:52 2017.030719 python@7f90ac38b5a0[12898] open("/usr/lib64/python2.7/encodings/codecs.pyc", O_RDONLY) = -2 (ENOENT)
Thu Dec 28 09:19:52 2017.030783 python@7f90ac38b105[12898] stat("/usr/lib64/python2.7/codecs", 0x7fff55f2eae0) = -2 (ENOENT)
Thu Dec 28 09:19:52 2017.030791 python@7f90ac38b5a0[12898] open("/usr/lib64/python2.7/codecs.so", O_RDONLY) = -2 (ENOENT)
Thu Dec 28 09:19:52 2017.030861 python@7f90ac38b5a0[12898] open("/usr/lib64/python2.7/codecsmodule.so", O_RDONLY) = -2 (ENOENT)
Thu Dec 28 09:19:52 2017.030918 python@7f90ac38b5a0[12898] open("/usr/lib64/python2.7/codecs.py", O_RDONLY) = 4
Thu Dec 28 09:19:52 2017.030973 python@7f90ac38b154[12898] fstat(4, 0x7fff55f2fc50) = 0
Thu Dec 28 09:19:52 2017.030980 python@7f90ac38b5a0[12898] open("/usr/lib64/python2.7/codecs.pyc", O_RDONLY) = 5
Thu Dec 28 09:19:52 2017.031035 python@7f90ac38b154[12898] fstat(5, 0x7fff55f2faa0) = 0
Thu Dec 28 09:19:52 2017.031042 python@7f90ac39499a[12898] mmap2(0x0, 4096, PROT_READ|PROT_WRITE, MAP_PRIVATE|MAP_ANONYMOUS, -1, 0) = 0x7f90ad575000
Thu Dec 28 09:19:52 2017.031050 python@7f90ac38b7e0[12898] read(5, 0x7f90ad575000, 4096) = 4096
Thu Dec 28 09:19:52 2017.031059 python@7f90ac38b154[12898] fstat(5, 0x7fff55f2fb40) = 0
Thu Dec 28 09:19:52 2017.031067 python@7f90ac38b7e0[12898] read(5, 0x25838a8, 28672) = 28672
Thu Dec 28 09:19:52 2017.031083 python@7f90ac38b7e0[12898] read(5, 0x7f90ad575000, 4096) = 3834
Thu Dec 28 09:19:52 2017.031100 python@7f90ac38b7e0[12898] read(5, 0x7f90ad575000, 4096) = 0
Thu Dec 28 09:19:52 2017.031268 python@7f90ac38be90[12898] close(5) = 0
Thu Dec 28 09:19:52 2017.031276 python@7f90ac394a27[12898] munmap(0x7f90ad575000, 4096) = 0
Thu Dec 28 09:19:52 2017.031454 python@7f90ac38be90[12898] close(4) = 0
Thu Dec 28 09:19:52 2017.031470 python@7f90ac38b105[12898] stat("/usr/lib64/python2.7/encodings/encodings", 0x7fff55f2eae0) = -2 (ENOENT)
Thu Dec 28 09:19:52 2017.031480 python@7f90ac38b5a0[12898] open("/usr/lib64/python2.7/encodings/encodings.so", O_RDONLY) = -2 (ENOENT)
Thu Dec 28 09:19:52 2017.031577 python@7f90ac38b5a0[12898] open("/usr/lib64/python2.7/encodings/encodingsmodule.so", O_RDONLY) = -2 (ENOENT)
Thu Dec 28 09:19:52 2017.031655 python@7f90ac38b5a0[12898] open("/usr/lib64/python2.7/encodings/encodings.py", O_RDONLY) = -2 (ENOENT)
Thu Dec 28 09:19:52 2017.031712 python@7f90ac38b5a0[12898] open("/usr/lib64/python2.7/encodings/encodings.pyc", O_RDONLY) = -2 (ENOENT)
Thu Dec 28 09:19:52 2017.031790 python@7f90ac38b105[12898] stat("/usr/lib64/python2.7/encodings/aliases", 0x7fff55f2ead0) = -2 (ENOENT)
Thu Dec 28 09:19:52 2017.031798 python@7f90ac38b5a0[12898] open("/usr/lib64/python2.7/encodings/aliases.so", O_RDONLY) = -2 (ENOENT)
Thu Dec 28 09:19:52 2017.031859 python@7f90ac38b5a0[12898] open("/usr/lib64/python2.7/encodings/aliasesmodule.so", O_RDONLY) = -2 (ENOENT)
Thu Dec 28 09:19:52 2017.031927 python@7f90ac38b5a0[12898] open("/usr/lib64/python2.7/encodings/aliases.py", O_RDONLY) = 4
Thu Dec 28 09:19:52 2017.032005 python@7f90ac38b154[12898] fstat(4, 0x7fff55f2fc40) = 0
Thu Dec 28 09:19:52 2017.032023 python@7f90ac38b5a0[12898] open("/usr/lib64/python2.7/encodings/aliases.pyc", O_RDONLY) = 5
Thu Dec 28 09:19:52 2017.032081 python@7f90ac38b154[12898] fstat(5, 0x7fff55f2fa90) = 0
Thu Dec 28 09:19:52 2017.032088 python@7f90ac39499a[12898] mmap2(0x0, 4096, PROT_READ|PROT_WRITE, MAP_PRIVATE|MAP_ANONYMOUS, -1, 0) = 0x7f90ad575000
Thu Dec 28 09:19:52 2017.032097 python@7f90ac38b7e0[12898] read(5, 0x7f90ad575000, 4096) = 4096
Thu Dec 28 09:19:52 2017.032107 python@7f90ac38b154[12898] fstat(5, 0x7fff55f2fb30) = 0
Thu Dec 28 09:19:52 2017.032145 python@7f90ac38b7e0[12898] read(5, 0x25919c8, 4096) = 4096
Thu Dec 28 09:19:52 2017.032151 python@7f90ac38b7e0[12898] read(5, 0x7f90ad575000, 4096) = 578
Thu Dec 28 09:19:52 2017.032155 python@7f90ac38b7e0[12898] read(5, 0x7f90ad575000, 4096) = 0
Thu Dec 28 09:19:52 2017.032242 python@7f90ac38be90[12898] close(5) = 0
Thu Dec 28 09:19:52 2017.032250 python@7f90ac394a27[12898] munmap(0x7f90ad575000, 4096) = 0
Thu Dec 28 09:19:52 2017.032284 python@7f90ac38be90[12898] close(4) = 0
Thu Dec 28 09:19:52 2017.032300 python@7f90ac38b105[12898] stat("/usr/lib64/python2.7/encodings/__builtin__", 0x7fff55f2eae0) = -2 (ENOENT)
Thu Dec 28 09:19:52 2017.032310 python@7f90ac38b5a0[12898] open("/usr/lib64/python2.7/encodings/__builtin__.so", O_RDONLY) = -2 (ENOENT)
Thu Dec 28 09:19:52 2017.032389 python@7f90ac38b5a0[12898] open("/usr/lib64/python2.7/encodings/__builtin__module.so", O_RDONLY) = -2 (ENOENT)
Thu Dec 28 09:19:52 2017.032451 python@7f90ac38b5a0[12898] open("/usr/lib64/python2.7/encodings/__builtin__.py", O_RDONLY) = -2 (ENOENT)
Thu Dec 28 09:19:52 2017.032519 python@7f90ac38b5a0[12898] open("/usr/lib64/python2.7/encodings/__builtin__.pyc", O_RDONLY) = -2 (ENOENT)
Thu Dec 28 09:19:52 2017.032653 python@7f90ac38be90[12898] close(3) = 0
Thu Dec 28 09:19:52 2017.032682 python@7f90ac38b105[12898] stat("/usr/lib64/python2.7/encodings/utf_8", 0x7fff55f2ed90) = -2 (ENOENT)
Thu Dec 28 09:19:52 2017.032691 python@7f90ac38b5a0[12898] open("/usr/lib64/python2.7/encodings/utf_8.so", O_RDONLY) = -2 (ENOENT)
Thu Dec 28 09:19:52 2017.032766 python@7f90ac38b5a0[12898] open("/usr/lib64/python2.7/encodings/utf_8module.so", O_RDONLY) = -2 (ENOENT)
Thu Dec 28 09:19:52 2017.032827 python@7f90ac38b5a0[12898] open("/usr/lib64/python2.7/encodings/utf_8.py", O_RDONLY) = 3
Thu Dec 28 09:19:52 2017.032883 python@7f90ac38b154[12898] fstat(3, 0x7fff55f2ff00) = 0
Thu Dec 28 09:19:52 2017.032891 python@7f90ac38b5a0[12898] open("/usr/lib64/python2.7/encodings/utf_8.pyc", O_RDONLY) = 4
Thu Dec 28 09:19:52 2017.032958 python@7f90ac38b154[12898] fstat(4, 0x7fff55f2fd50) = 0
Thu Dec 28 09:19:52 2017.032965 python@7f90ac39499a[12898] mmap2(0x0, 4096, PROT_READ|PROT_WRITE, MAP_PRIVATE|MAP_ANONYMOUS, -1, 0) = 0x7f90ad575000
Thu Dec 28 09:19:52 2017.032973 python@7f90ac38b7e0[12898] read(4, 0x7f90ad575000, 4096) = 1966
Thu Dec 28 09:19:52 2017.032983 python@7f90ac38b154[12898] fstat(4, 0x7fff55f2fdf0) = 0
Thu Dec 28 09:19:52 2017.032988 python@7f90ac38b7e0[12898] read(4, 0x7f90ad575000, 4096) = 0
Thu Dec 28 09:19:52 2017.033020 python@7f90ac38be90[12898] close(4) = 0
Thu Dec 28 09:19:52 2017.033027 python@7f90ac394a27[12898] munmap(0x7f90ad575000, 4096) = 0
Thu Dec 28 09:19:52 2017.033096 python@7f90ac38be90[12898] close(3) = 0
Thu Dec 28 09:19:52 2017.033127 python@7f90ac390869[12898] ioctl(0, 21505, 0x7fff55f302f0) = 0
Thu Dec 28 09:19:52 2017.033135 python@7f90ac390869[12898] ioctl(1, 21505, 0x7fff55f302f0) = 0
Thu Dec 28 09:19:52 2017.033140 python@7f90ac390869[12898] ioctl(2, 21505, 0x7fff55f302f0) = 0
Thu Dec 28 09:19:52 2017.033147 python@7f90ac38cf17[12898] readlink("mal.py", 0x7fff55f2d4e0, 4096) = -22 (EINVAL)
Thu Dec 28 09:19:52 2017.033161 python@7f90ac38c102[12898] getcwd(0x7fff55f2c4e0, 4096) = 29
Thu Dec 28 09:19:52 2017.033170 python@7f90ac38b1a5[12898] lstat("/home/qq_h33_vc01/demo/demo2/mal.py", 0x7fff55f2c400) = 0
Thu Dec 28 09:19:52 2017.033183 python@7f90ac38b105[12898] stat("mal.py", 0x7fff55f2d260) = 0
Thu Dec 28 09:19:52 2017.033190 python@7f90ac38b5a0[12898] open("mal.py", O_RDONLY) = 3
Thu Dec 28 09:19:52 2017.033270 python@7f90ac38b154[12898] fstat(3, 0x7fff55f2cff0) = 0
Thu Dec 28 09:19:52 2017.033287 python@7f90ac39499a[12898] mmap2(0x0, 4096, PROT_READ|PROT_WRITE, MAP_PRIVATE|MAP_ANONYMOUS, -1, 0) = 0x7f90ad575000
Thu Dec 28 09:19:52 2017.033295 python@7f90ac38b154[12898] fstat(3, 0x7fff55f2d0c0) = 0
Thu Dec 28 09:19:52 2017.033300 python@7f90ac39a380[12898] lseek(3, 0, SEEK_SET) = 0
Thu Dec 28 09:19:52 2017.033306 python@7f90ac38b7e0[12898] read(3, 0x7f90ad575000, 50) = 50
Thu Dec 28 09:19:52 2017.033326 python@7f90ac38b7e0[12898] read(3, 0x7f90ad575000, 4096) = 22
Thu Dec 28 09:19:52 2017.033332 python@7f90ac38be90[12898] close(3) = 0
Thu Dec 28 09:19:52 2017.033348 python@7f90ac394a27[12898] munmap(0x7f90ad575000, 4096) = 0
Thu Dec 28 09:19:52 2017.033365 python@7f90ac38b105[12898] stat("mal.py", 0x7fff55f302b0) = 0
Thu Dec 28 09:19:52 2017.033374 python@7f90ac38b5a0[12898] open("mal.py", O_RDONLY) = 3
Thu Dec 28 09:19:52 2017.033456 python@7f90ac38b154[12898] fstat(3, 0x7fff55f30580) = 0
Thu Dec 28 09:19:52 2017.033462 python@7f90ac390869[12898] ioctl(3, 21505, 0x7fff55f30470) = -25 (ENOTTY)
Thu Dec 28 09:19:52 2017.033472 python@7f90ac39a380[12898] lseek(3, 0, SEEK_CUR) = 0
Thu Dec 28 09:19:52 2017.033477 python@7f90ac38b154[12898] fstat(3, 0x7fff55f30390) = 0
Thu Dec 28 09:19:52 2017.033483 python@7f90ac39499a[12898] mmap2(0x0, 4096, PROT_READ|PROT_WRITE, MAP_PRIVATE|MAP_ANONYMOUS, -1, 0) = 0x7f90ad575000
Thu Dec 28 09:19:52 2017.033491 python@7f90ac38b7e0[12898] read(3, 0x7f90ad575000, 4096) = 72
Thu Dec 28 09:19:52 2017.033500 python@7f90ac39a380[12898] lseek(3, 0, SEEK_SET) = 0
Thu Dec 28 09:19:52 2017.033508 python@7f90ac390fec[12898] brk(0x0) = 39424000
Thu Dec 28 09:19:52 2017.033513 python@7f90ac390fec[12898] brk(0x25bd000) = 39571456
Thu Dec 28 09:19:52 2017.033530 python@7f90ac38b7e0[12898] read(3, 0x7f90ad575000, 4096) = 72
Thu Dec 28 09:19:52 2017.033561 python@7f90ac38b7e0[12898] read(3, 0x7f90ad575000, 4096) = 0
Thu Dec 28 09:19:52 2017.033567 python@7f90ac390fec[12898] brk(0x0) = 39571456
Thu Dec 28 09:19:52 2017.033570 python@7f90ac390fec[12898] brk(0x0) = 39571456
Thu Dec 28 09:19:52 2017.033574 python@7f90ac390fec[12898] brk(0x25b4000) = 39534592
Thu Dec 28 09:19:52 2017.033580 python@7f90ac390fec[12898] brk(0x0) = 39534592
Thu Dec 28 09:19:52 2017.033602 python@7f90ac38be90[12898] close(3) = 0
Thu Dec 28 09:19:52 2017.033609 python@7f90ac394a27[12898] munmap(0x7f90ad575000, 4096) = 0
Thu Dec 28 09:19:52 2017.033655 python@7f90acd7ce90[12898] open("new", O_RDONLY|O_CREAT, 0777) = 3
Thu Dec 28 09:19:52 2017.033864 python@7f90acd7c750[12898] close(3) = 0
Thu Dec 28 09:19:52 2017.034060 python@7f90ac38cf77[12898] unlink("new") = 0
Thu Dec 28 09:19:52 2017.034114 python@7f90acd7d6ed[12898] rt_sigaction(SIGINT, {SIG_DFL}, 0x7fff55f302f0, 8) = 0
Thu Dec 28 09:19:52 2017.034915 python@7f90ac390fec[12898] brk(0x0) = 39534592
Thu Dec 28 09:19:52 2017.034923 python@7f90ac390fec[12898] brk(0x0) = 39534592
Thu Dec 28 09:19:52 2017.034927 python@7f90ac390fec[12898] brk(0x25b1000) = 39522304
Thu Dec 28 09:19:52 2017.034933 python@7f90ac390fec[12898] brk(0x0) = 39522304
Thu Dec 28 09:19:52 2017.035305 python@7f90ac361529[12898] exit_group(0)
